<?xml version="1.0" encoding="UTF-8"?>
<!-- Generated by org.testng.reporters.JUnitXMLReporter -->
<testsuite ignored="0" hostname="INT-DSK-0004" failures="0" tests="12" name="Default test" time="2.428" errors="0" timestamp="2024-05-22T18:23:32 BDT">
  <testcase classname="com.yeasin.appium_qms.QmsOnlineNormal" name="@BeforeTest log_in_test" time="2.361">
    <failure type="java.lang.NullPointerException" message="Cannot invoke &amp;quot;com.aventstack.extentreports.ExtentTest.log(com.aventstack.extentreports.Status, String)&amp;quot; because &amp;quot;com.yeasin.appium_qms.utilities.QmsMain.test&amp;quot; is null">
      <![CDATA[java.lang.NullPointerException: Cannot invoke "com.aventstack.extentreports.ExtentTest.log(com.aventstack.extentreports.Status, String)" because "com.yeasin.appium_qms.utilities.QmsMain.test" is null
at com.yeasin.appium_qms.utilities.QmsMain.log_in(QmsMain.java:85)
at com.yeasin.appium_qms.QmsOnlineNormal.log_in_test(QmsOnlineNormal.java:15)
at java.base/jdk.internal.reflect.NativeMethodAccessorImpl.invoke0(Native Method)
at java.base/jdk.internal.reflect.NativeMethodAccessorImpl.invoke(NativeMethodAccessorImpl.java:77)
at java.base/jdk.internal.reflect.DelegatingMethodAccessorImpl.invoke(DelegatingMethodAccessorImpl.java:43)
at java.base/java.lang.reflect.Method.invoke(Method.java:568)
at org.testng.internal.MethodInvocationHelper.invokeMethod(MethodInvocationHelper.java:133)
at org.testng.internal.MethodInvocationHelper.invokeMethodConsideringTimeout(MethodInvocationHelper.java:62)
at org.testng.internal.ConfigInvoker.invokeConfigurationMethod(ConfigInvoker.java:385)
at org.testng.internal.ConfigInvoker.invokeConfigurations(ConfigInvoker.java:321)
at org.testng.TestRunner.invokeTestConfigurations(TestRunner.java:637)
at org.testng.TestRunner.beforeRun(TestRunner.java:627)
at org.testng.TestRunner.run(TestRunner.java:589)
at org.testng.SuiteRunner.runTest(SuiteRunner.java:377)
at org.testng.SuiteRunner.runSequentially(SuiteRunner.java:371)
at org.testng.SuiteRunner.privateRun(SuiteRunner.java:332)
at org.testng.SuiteRunner.run(SuiteRunner.java:276)
at org.testng.SuiteRunnerWorker.runSuite(SuiteRunnerWorker.java:53)
at org.testng.SuiteRunnerWorker.run(SuiteRunnerWorker.java:96)
at org.testng.TestNG.runSuitesSequentially(TestNG.java:1212)
at org.testng.TestNG.runSuitesLocally(TestNG.java:1134)
at org.testng.TestNG.runSuites(TestNG.java:1063)
at org.testng.TestNG.run(TestNG.java:1031)
at org.testng.remote.AbstractRemoteTestNG.run(AbstractRemoteTestNG.java:115)
at org.testng.remote.RemoteTestNG.initAndRun(RemoteTestNG.java:251)
at org.testng.remote.RemoteTestNG.main(RemoteTestNG.java:77)
]]>
    </failure>
  </testcase> <!-- @BeforeTest log_in_test -->
  <testcase classname="com.yeasin.appium_qms.QmsOnlineNormal" name="@AfterTest log_out_test" time="-1.716380612512E9">
    <skipped/>
  </testcase> <!-- @AfterTest log_out_test -->
  <testcase classname="com.yeasin.appium_qms.QmsOnlineNormal" name="expand_side_menu_test" time="0.0">
    <skipped/>
  </testcase> <!-- expand_side_menu_test -->
  <testcase classname="com.yeasin.appium_qms.QmsOnlineNormal" name="sync_web_test" time="0.0">
    <skipped/>
  </testcase> <!-- sync_web_test -->
  <testcase classname="com.yeasin.appium_qms.QmsOnlineNormal" name="set_line_test" time="0.0">
    <skipped/>
  </testcase> <!-- set_line_test -->
  <testcase classname="com.yeasin.appium_qms.QmsOnlineNormal" name="select_order_test" time="0.0">
    <skipped/>
  </testcase> <!-- select_order_test -->
  <testcase classname="com.yeasin.appium_qms.QmsOnlineNormal" name="choose_variance_test" time="0.0">
    <skipped/>
  </testcase> <!-- choose_variance_test -->
  <testcase classname="com.yeasin.appium_qms.QmsOnlineNormal" name="pass_action_test" time="0.0">
    <skipped/>
  </testcase> <!-- pass_action_test -->
  <testcase classname="com.yeasin.appium_qms.QmsOnlineNormal" name="pass_undo_test" time="0.0">
    <skipped/>
  </testcase> <!-- pass_undo_test -->
  <testcase classname="com.yeasin.appium_qms.QmsOnlineNormal" name="alter_action_test" time="0.0">
    <skipped/>
  </testcase> <!-- alter_action_test -->
  <testcase classname="com.yeasin.appium_qms.QmsOnlineNormal" name="alter_undo_test" time="0.0">
    <skipped/>
  </testcase> <!-- alter_undo_test -->
  <testcase classname="com.yeasin.appium_qms.QmsOnlineNormal" name="reject_action_test" time="0.0">
    <skipped/>
  </testcase> <!-- reject_action_test -->
  <testcase classname="com.yeasin.appium_qms.QmsOnlineNormal" name="reject_undo_test" time="0.0">
    <skipped/>
  </testcase> <!-- reject_undo_test -->
  <testcase classname="com.yeasin.appium_qms.QmsOnlineNormal" name="force_sync_test" time="0.0">
    <skipped/>
  </testcase> <!-- force_sync_test -->
</testsuite> <!-- Default test -->
