<?xml version="1.0" encoding="UTF-8"?>
<!-- Generated by org.testng.reporters.JUnitXMLReporter -->
<testsuite ignored="0" hostname="INT-DSK-0004" failures="0" tests="15" name="Default test" time="122.141" errors="0" timestamp="2024-05-07T16:13:43 BDT">
  <testcase classname="com.yeasin.appium_qms.QmsOnlineRepair" name="setup_call" time="6.206"/>
  <testcase classname="com.yeasin.appium_qms.QmsOnlineRepair" name="login_call" time="5.399"/>
  <testcase classname="com.yeasin.appium_qms.QmsOnlineRepair" name="side_menu_call" time="7.07"/>
  <testcase classname="com.yeasin.appium_qms.QmsOnlineRepair" name="sync_web_call" time="1.84"/>
  <testcase classname="com.yeasin.appium_qms.QmsOnlineRepair" name="set_line_call" time="14.188"/>
  <testcase classname="com.yeasin.appium_qms.QmsOnlineRepair" name="select_order_call" time="6.777"/>
  <testcase classname="com.yeasin.appium_qms.QmsOnlineRepair" name="choose_variance_call" time="5.135"/>
  <testcase classname="com.yeasin.appium_qms.QmsOnlineRepair" name="repair_mode_on_call" time="2.19"/>
  <testcase classname="com.yeasin.appium_qms.QmsOnlineRepair" name="pass_call" time="7.165"/>
  <testcase classname="com.yeasin.appium_qms.QmsOnlineRepair" name="alter_call" time="19.558"/>
  <testcase classname="com.yeasin.appium_qms.QmsOnlineRepair" name="reject_call" time="20.869"/>
  <testcase classname="com.yeasin.appium_qms.QmsOnlineRepair" name="repair_mode_off_call" time="2.165"/>
  <testcase classname="com.yeasin.appium_qms.QmsOnlineRepair" name="force_sync_call" time="5.677"/>
  <testcase classname="com.yeasin.appium_qms.QmsOnlineRepair" name="logout_call" time="12.018"/>
  <testcase classname="com.yeasin.appium_qms.QmsOnlineRepair" name="close_app_call" time="5.791"/>
</testsuite> <!-- Default test -->
