<?xml version="1.0" encoding="UTF-8"?>
<!-- Generated by org.testng.reporters.JUnitXMLReporter -->
<testsuite ignored="0" hostname="INT-DSK-0004" failures="0" tests="13" name="QMS Basic Test Online" time="111.379" errors="0" timestamp="2024-05-14T17:07:35 BDT">
  <testcase classname="com.yeasin.appium_qms.QmsOnlineNormal" name="set_up_test" time="4.321"/>
  <testcase classname="com.yeasin.appium_qms.QmsOnlineNormal" name="log_in_test" time="4.939"/>
  <testcase classname="com.yeasin.appium_qms.QmsOnlineNormal" name="expand_side_menu_test" time="5.849"/>
  <testcase classname="com.yeasin.appium_qms.QmsOnlineNormal" name="sync_web_test" time="1.84"/>
  <testcase classname="com.yeasin.appium_qms.QmsOnlineNormal" name="set_line_test" time="12.857"/>
  <testcase classname="com.yeasin.appium_qms.QmsOnlineNormal" name="select_order_test" time="7.085"/>
  <testcase classname="com.yeasin.appium_qms.QmsOnlineNormal" name="choose_variance_test" time="5.115"/>
  <testcase classname="com.yeasin.appium_qms.QmsOnlineNormal" name="pass_action_test" time="7.761"/>
  <testcase classname="com.yeasin.appium_qms.QmsOnlineNormal" name="alter_action_test" time="18.437"/>
  <testcase classname="com.yeasin.appium_qms.QmsOnlineNormal" name="reject_action_test" time="19.851"/>
  <testcase classname="com.yeasin.appium_qms.QmsOnlineNormal" name="force_sync_test" time="5.649"/>
  <testcase classname="com.yeasin.appium_qms.QmsOnlineNormal" name="log_out_test" time="11.899"/>
  <testcase classname="com.yeasin.appium_qms.QmsOnlineNormal" name="close_down_test" time="5.733"/>
</testsuite> <!-- QMS Basic Test Online -->
