<?xml version="1.0" encoding="UTF-8"?>
<!-- Generated by org.testng.reporters.JUnitXMLReporter -->
<testsuite ignored="0" hostname="INT-DSK-0004" failures="0" tests="16" name="QMS Online Basic Test" time="154.477" errors="0" timestamp="2024-05-15T15:37:07 BDT">
  <testcase classname="com.yeasin.appium_qms.QmsOnlineNormal" name="set_up_test" time="4.331"/>
  <testcase classname="com.yeasin.appium_qms.QmsOnlineNormal" name="log_in_test" time="3.321"/>
  <testcase classname="com.yeasin.appium_qms.QmsOnlineNormal" name="expand_side_menu_test" time="5.702"/>
  <testcase classname="com.yeasin.appium_qms.QmsOnlineNormal" name="sync_web_test" time="1.709"/>
  <testcase classname="com.yeasin.appium_qms.QmsOnlineNormal" name="set_line_test" time="10.173"/>
  <testcase classname="com.yeasin.appium_qms.QmsOnlineNormal" name="select_order_test" time="5.152"/>
  <testcase classname="com.yeasin.appium_qms.QmsOnlineNormal" name="choose_variance_test" time="5.122"/>
  <testcase classname="com.yeasin.appium_qms.QmsOnlineNormal" name="pass_action_test" time="7.762"/>
  <testcase classname="com.yeasin.appium_qms.QmsOnlineNormal" name="pass_undo_test" time="7.676"/>
  <testcase classname="com.yeasin.appium_qms.QmsOnlineNormal" name="alter_action_test" time="19.529"/>
  <testcase classname="com.yeasin.appium_qms.QmsOnlineNormal" name="alter_undo_test" time="21.027"/>
  <testcase classname="com.yeasin.appium_qms.QmsOnlineNormal" name="reject_action_test" time="19.361"/>
  <testcase classname="com.yeasin.appium_qms.QmsOnlineNormal" name="reject_undo_test" time="20.221"/>
  <testcase classname="com.yeasin.appium_qms.QmsOnlineNormal" name="force_sync_test" time="5.656"/>
  <testcase classname="com.yeasin.appium_qms.QmsOnlineNormal" name="log_out_test" time="11.914"/>
  <testcase classname="com.yeasin.appium_qms.QmsOnlineNormal" name="close_down_test" time="5.78"/>
</testsuite> <!-- QMS Online Basic Test -->
