<?xml version="1.0" encoding="UTF-8"?>
<!-- Generated by org.testng.reporters.JUnitXMLReporter -->
<testsuite ignored="0" hostname="INT-DSK-0004" failures="0" tests="12" name="QMS Online Normal Test" time="166.455" errors="0" timestamp="2024-05-23T15:48:59 BDT">
  <testcase classname="com.yeasin.appium_qms.QmsOnlineNormal" name="expand_side_menu_test" time="6.191"/>
  <testcase classname="com.yeasin.appium_qms.QmsOnlineNormal" name="sync_web_test" time="1.68"/>
  <testcase classname="com.yeasin.appium_qms.QmsOnlineNormal" name="set_lid_test" time="10.275"/>
  <testcase classname="com.yeasin.appium_qms.QmsOnlineNormal" name="set_bso_test" time="5.137"/>
  <testcase classname="com.yeasin.appium_qms.QmsOnlineNormal" name="choose_variance_test" time="5.096"/>
  <testcase classname="com.yeasin.appium_qms.QmsOnlineNormal" name="pass_action_test" time="7.747"/>
  <testcase classname="com.yeasin.appium_qms.QmsOnlineNormal" name="pass_undo_test" time="8.082"/>
  <testcase classname="com.yeasin.appium_qms.QmsOnlineNormal" name="alter_action_test" time="24.472"/>
  <testcase classname="com.yeasin.appium_qms.QmsOnlineNormal" name="alter_undo_test" time="24.291"/>
  <testcase classname="com.yeasin.appium_qms.QmsOnlineNormal" name="reject_action_test" time="25.343"/>
  <testcase classname="com.yeasin.appium_qms.QmsOnlineNormal" name="reject_undo_test" time="25.157"/>
  <testcase classname="com.yeasin.appium_qms.QmsOnlineNormal" name="force_sync_test" time="5.63"/>
</testsuite> <!-- QMS Online Normal Test -->
