<?xml version="1.0" encoding="UTF-8"?>
<!-- Generated by org.testng.reporters.JUnitXMLReporter -->
<testsuite ignored="0" hostname="INT-DSK-0004" failures="0" tests="13" name="QMS Appium Test" time="114.939" errors="0" timestamp="2024-05-07T16:15:56 BDT">
  <testcase classname="com.yeasin.appium_qms.QmsOnlineNormal" name="setup_call" time="5.367"/>
  <testcase classname="com.yeasin.appium_qms.QmsOnlineNormal" name="login_call" time="5.222"/>
  <testcase classname="com.yeasin.appium_qms.QmsOnlineNormal" name="side_menu_call" time="7.094"/>
  <testcase classname="com.yeasin.appium_qms.QmsOnlineNormal" name="sync_web_call" time="1.643"/>
  <testcase classname="com.yeasin.appium_qms.QmsOnlineNormal" name="set_line_call" time="13.729"/>
  <testcase classname="com.yeasin.appium_qms.QmsOnlineNormal" name="select_order_call" time="5.175"/>
  <testcase classname="com.yeasin.appium_qms.QmsOnlineNormal" name="choose_variance_call" time="5.132"/>
  <testcase classname="com.yeasin.appium_qms.QmsOnlineNormal" name="pass_call" time="7.81"/>
  <testcase classname="com.yeasin.appium_qms.QmsOnlineNormal" name="alter_call" time="19.588"/>
  <testcase classname="com.yeasin.appium_qms.QmsOnlineNormal" name="reject_call" time="20.789"/>
  <testcase classname="com.yeasin.appium_qms.QmsOnlineNormal" name="force_sync_call" time="5.699"/>
  <testcase classname="com.yeasin.appium_qms.QmsOnlineNormal" name="logout_call" time="11.948"/>
  <testcase classname="com.yeasin.appium_qms.QmsOnlineNormal" name="close_app_call" time="5.698"/>
</testsuite> <!-- QMS Appium Test -->
