<?xml version="1.0" encoding="UTF-8"?>
<testng-results ignored="0" total="28" passed="28" failed="0" skipped="0">
  <reporter-output>
  </reporter-output>
  <suite started-at="2024-05-14T17:05:43 BDT" name="QMS Automation Suite" finished-at="2024-05-14T17:09:31 BDT" duration-ms="228045">
    <groups>
    </groups>
    <test started-at="2024-05-14T17:05:43 BDT" name="QMS Basic Test Online" finished-at="2024-05-14T17:07:35 BDT" duration-ms="111379">
      <class name="com.yeasin.appium_qms.QmsOnlineNormal">
        <test-method signature="set_up_test()[pri:1, instance:com.yeasin.appium_qms.QmsOnlineNormal@56673b2c]" started-at="2024-05-14T17:05:43 BDT" name="set_up_test" finished-at="2024-05-14T17:05:48 BDT" duration-ms="4321" status="PASS">
          <reporter-output>
          </reporter-output>
        </test-method> <!-- set_up_test -->
        <test-method signature="log_in_test()[pri:2, instance:com.yeasin.appium_qms.QmsOnlineNormal@56673b2c]" started-at="2024-05-14T17:05:48 BDT" name="log_in_test" finished-at="2024-05-14T17:05:53 BDT" duration-ms="4939" status="PASS">
          <reporter-output>
          </reporter-output>
        </test-method> <!-- log_in_test -->
        <test-method signature="expand_side_menu_test()[pri:3, instance:com.yeasin.appium_qms.QmsOnlineNormal@56673b2c]" started-at="2024-05-14T17:05:53 BDT" name="expand_side_menu_test" finished-at="2024-05-14T17:05:59 BDT" duration-ms="5849" status="PASS">
          <reporter-output>
          </reporter-output>
        </test-method> <!-- expand_side_menu_test -->
        <test-method signature="sync_web_test()[pri:4, instance:com.yeasin.appium_qms.QmsOnlineNormal@56673b2c]" started-at="2024-05-14T17:05:59 BDT" name="sync_web_test" finished-at="2024-05-14T17:06:00 BDT" duration-ms="1840" status="PASS">
          <reporter-output>
          </reporter-output>
        </test-method> <!-- sync_web_test -->
        <test-method signature="set_line_test()[pri:5, instance:com.yeasin.appium_qms.QmsOnlineNormal@56673b2c]" started-at="2024-05-14T17:06:00 BDT" name="set_line_test" finished-at="2024-05-14T17:06:13 BDT" duration-ms="12857" status="PASS">
          <reporter-output>
          </reporter-output>
        </test-method> <!-- set_line_test -->
        <test-method signature="select_order_test()[pri:6, instance:com.yeasin.appium_qms.QmsOnlineNormal@56673b2c]" started-at="2024-05-14T17:06:13 BDT" name="select_order_test" finished-at="2024-05-14T17:06:20 BDT" duration-ms="7085" status="PASS">
          <reporter-output>
          </reporter-output>
        </test-method> <!-- select_order_test -->
        <test-method signature="choose_variance_test()[pri:7, instance:com.yeasin.appium_qms.QmsOnlineNormal@56673b2c]" started-at="2024-05-14T17:06:20 BDT" name="choose_variance_test" finished-at="2024-05-14T17:06:25 BDT" duration-ms="5115" status="PASS">
          <reporter-output>
          </reporter-output>
        </test-method> <!-- choose_variance_test -->
        <test-method signature="pass_action_test()[pri:8, instance:com.yeasin.appium_qms.QmsOnlineNormal@56673b2c]" started-at="2024-05-14T17:06:25 BDT" name="pass_action_test" finished-at="2024-05-14T17:06:33 BDT" duration-ms="7761" status="PASS">
          <reporter-output>
          </reporter-output>
        </test-method> <!-- pass_action_test -->
        <test-method signature="alter_action_test()[pri:9, instance:com.yeasin.appium_qms.QmsOnlineNormal@56673b2c]" started-at="2024-05-14T17:06:33 BDT" name="alter_action_test" finished-at="2024-05-14T17:06:52 BDT" duration-ms="18437" status="PASS">
          <reporter-output>
          </reporter-output>
        </test-method> <!-- alter_action_test -->
        <test-method signature="reject_action_test()[pri:10, instance:com.yeasin.appium_qms.QmsOnlineNormal@56673b2c]" started-at="2024-05-14T17:06:52 BDT" name="reject_action_test" finished-at="2024-05-14T17:07:11 BDT" duration-ms="19851" status="PASS">
          <reporter-output>
          </reporter-output>
        </test-method> <!-- reject_action_test -->
        <test-method signature="force_sync_test()[pri:11, instance:com.yeasin.appium_qms.QmsOnlineNormal@56673b2c]" started-at="2024-05-14T17:07:11 BDT" name="force_sync_test" finished-at="2024-05-14T17:07:17 BDT" duration-ms="5649" status="PASS">
          <reporter-output>
          </reporter-output>
        </test-method> <!-- force_sync_test -->
        <test-method signature="log_out_test()[pri:12, instance:com.yeasin.appium_qms.QmsOnlineNormal@56673b2c]" started-at="2024-05-14T17:07:17 BDT" name="log_out_test" finished-at="2024-05-14T17:07:29 BDT" duration-ms="11899" status="PASS">
          <reporter-output>
          </reporter-output>
        </test-method> <!-- log_out_test -->
        <test-method signature="close_down_test()[pri:13, instance:com.yeasin.appium_qms.QmsOnlineNormal@56673b2c]" started-at="2024-05-14T17:07:29 BDT" name="close_down_test" finished-at="2024-05-14T17:07:35 BDT" duration-ms="5733" status="PASS">
          <reporter-output>
          </reporter-output>
        </test-method> <!-- close_down_test -->
      </class> <!-- com.yeasin.appium_qms.QmsOnlineNormal -->
    </test> <!-- QMS Basic Test Online -->
    <test started-at="2024-05-14T17:07:35 BDT" name="QMS Repair Test Online" finished-at="2024-05-14T17:09:31 BDT" duration-ms="116330">
      <class name="com.yeasin.appium_qms.QmsOnlineRepair">
        <test-method signature="set_up_test()[pri:1, instance:com.yeasin.appium_qms.QmsOnlineRepair@34c01041]" started-at="2024-05-14T17:07:35 BDT" name="set_up_test" finished-at="2024-05-14T17:07:40 BDT" duration-ms="4981" status="PASS">
          <reporter-output>
          </reporter-output>
        </test-method> <!-- set_up_test -->
        <test-method signature="log_in_test()[pri:2, instance:com.yeasin.appium_qms.QmsOnlineRepair@34c01041]" started-at="2024-05-14T17:07:40 BDT" name="log_in_test" finished-at="2024-05-14T17:07:44 BDT" duration-ms="4290" status="PASS">
          <reporter-output>
          </reporter-output>
        </test-method> <!-- log_in_test -->
        <test-method signature="expand_side_menu_test()[pri:3, instance:com.yeasin.appium_qms.QmsOnlineRepair@34c01041]" started-at="2024-05-14T17:07:44 BDT" name="expand_side_menu_test" finished-at="2024-05-14T17:07:50 BDT" duration-ms="5943" status="PASS">
          <reporter-output>
          </reporter-output>
        </test-method> <!-- expand_side_menu_test -->
        <test-method signature="sync_web_test()[pri:4, instance:com.yeasin.appium_qms.QmsOnlineRepair@34c01041]" started-at="2024-05-14T17:07:50 BDT" name="sync_web_test" finished-at="2024-05-14T17:07:52 BDT" duration-ms="1617" status="PASS">
          <reporter-output>
          </reporter-output>
        </test-method> <!-- sync_web_test -->
        <test-method signature="set_line_test()[pri:5, instance:com.yeasin.appium_qms.QmsOnlineRepair@34c01041]" started-at="2024-05-14T17:07:52 BDT" name="set_line_test" finished-at="2024-05-14T17:08:04 BDT" duration-ms="11980" status="PASS">
          <reporter-output>
          </reporter-output>
        </test-method> <!-- set_line_test -->
        <test-method signature="select_order_test()[pri:6, instance:com.yeasin.appium_qms.QmsOnlineRepair@34c01041]" started-at="2024-05-14T17:08:04 BDT" name="select_order_test" finished-at="2024-05-14T17:08:11 BDT" duration-ms="7120" status="PASS">
          <reporter-output>
          </reporter-output>
        </test-method> <!-- select_order_test -->
        <test-method signature="choose_variance_test()[pri:7, instance:com.yeasin.appium_qms.QmsOnlineRepair@34c01041]" started-at="2024-05-14T17:08:11 BDT" name="choose_variance_test" finished-at="2024-05-14T17:08:16 BDT" duration-ms="5129" status="PASS">
          <reporter-output>
          </reporter-output>
        </test-method> <!-- choose_variance_test -->
        <test-method signature="repair_mode_on_test()[pri:8, instance:com.yeasin.appium_qms.QmsOnlineRepair@34c01041]" started-at="2024-05-14T17:08:16 BDT" name="repair_mode_on_test" finished-at="2024-05-14T17:08:18 BDT" duration-ms="2173" status="PASS">
          <reporter-output>
          </reporter-output>
        </test-method> <!-- repair_mode_on_test -->
        <test-method signature="pass_action_test()[pri:9, instance:com.yeasin.appium_qms.QmsOnlineRepair@34c01041]" started-at="2024-05-14T17:08:18 BDT" name="pass_action_test" finished-at="2024-05-14T17:08:26 BDT" duration-ms="7735" status="PASS">
          <reporter-output>
          </reporter-output>
        </test-method> <!-- pass_action_test -->
        <test-method signature="alter_action_test()[pri:10, instance:com.yeasin.appium_qms.QmsOnlineRepair@34c01041]" started-at="2024-05-14T17:08:26 BDT" name="alter_action_test" finished-at="2024-05-14T17:08:46 BDT" duration-ms="19514" status="PASS">
          <reporter-output>
          </reporter-output>
        </test-method> <!-- alter_action_test -->
        <test-method signature="reject_action_test()[pri:11, instance:com.yeasin.appium_qms.QmsOnlineRepair@34c01041]" started-at="2024-05-14T17:08:46 BDT" name="reject_action_test" finished-at="2024-05-14T17:09:06 BDT" duration-ms="20336" status="PASS">
          <reporter-output>
          </reporter-output>
        </test-method> <!-- reject_action_test -->
        <test-method signature="repair_mode_off_test()[pri:12, instance:com.yeasin.appium_qms.QmsOnlineRepair@34c01041]" started-at="2024-05-14T17:09:06 BDT" name="repair_mode_off_test" finished-at="2024-05-14T17:09:08 BDT" duration-ms="2138" status="PASS">
          <reporter-output>
          </reporter-output>
        </test-method> <!-- repair_mode_off_test -->
        <test-method signature="force_sync_test()[pri:13, instance:com.yeasin.appium_qms.QmsOnlineRepair@34c01041]" started-at="2024-05-14T17:09:08 BDT" name="force_sync_test" finished-at="2024-05-14T17:09:14 BDT" duration-ms="5655" status="PASS">
          <reporter-output>
          </reporter-output>
        </test-method> <!-- force_sync_test -->
        <test-method signature="log_out_test()[pri:14, instance:com.yeasin.appium_qms.QmsOnlineRepair@34c01041]" started-at="2024-05-14T17:09:14 BDT" name="log_out_test" finished-at="2024-05-14T17:09:26 BDT" duration-ms="11902" status="PASS">
          <reporter-output>
          </reporter-output>
        </test-method> <!-- log_out_test -->
        <test-method signature="close_down_test()[pri:15, instance:com.yeasin.appium_qms.QmsOnlineRepair@34c01041]" started-at="2024-05-14T17:09:26 BDT" name="close_down_test" finished-at="2024-05-14T17:09:31 BDT" duration-ms="5805" status="PASS">
          <reporter-output>
          </reporter-output>
        </test-method> <!-- close_down_test -->
      </class> <!-- com.yeasin.appium_qms.QmsOnlineRepair -->
    </test> <!-- QMS Repair Test Online -->
  </suite> <!-- QMS Automation Suite -->
</testng-results>
