<?xml version="1.0" encoding="UTF-8"?>
<testng-results ignored="0" total="16" passed="15" failed="1" skipped="0">
  <reporter-output>
  </reporter-output>
  <suite started-at="2024-05-16T15:49:46 BDT" name="QMS Automation Suite" finished-at="2024-05-16T15:52:27 BDT" duration-ms="160889">
    <groups>
    </groups>
    <test started-at="2024-05-16T15:49:46 BDT" name="QMS Online Normal Test" finished-at="2024-05-16T15:52:27 BDT" duration-ms="160889">
      <class name="com.yeasin.appium_qms.QmsOnlineNormal">
        <test-method signature="set_up_test()[pri:1, instance:com.yeasin.appium_qms.QmsOnlineNormal@3b7d3a38]" started-at="2024-05-16T15:49:46 BDT" name="set_up_test" finished-at="2024-05-16T15:49:51 BDT" duration-ms="5357" status="PASS">
          <reporter-output>
          </reporter-output>
        </test-method> <!-- set_up_test -->
        <test-method signature="log_in_test()[pri:2, instance:com.yeasin.appium_qms.QmsOnlineNormal@3b7d3a38]" started-at="2024-05-16T15:49:51 BDT" name="log_in_test" finished-at="2024-05-16T15:49:57 BDT" duration-ms="5505" status="PASS">
          <reporter-output>
          </reporter-output>
        </test-method> <!-- log_in_test -->
        <test-method signature="expand_side_menu_test()[pri:3, instance:com.yeasin.appium_qms.QmsOnlineNormal@3b7d3a38]" started-at="2024-05-16T15:49:57 BDT" name="expand_side_menu_test" finished-at="2024-05-16T15:50:04 BDT" duration-ms="6831" status="PASS">
          <reporter-output>
          </reporter-output>
        </test-method> <!-- expand_side_menu_test -->
        <test-method signature="sync_web_test()[pri:4, instance:com.yeasin.appium_qms.QmsOnlineNormal@3b7d3a38]" started-at="2024-05-16T15:50:04 BDT" name="sync_web_test" finished-at="2024-05-16T15:50:05 BDT" duration-ms="1593" status="PASS">
          <reporter-output>
          </reporter-output>
        </test-method> <!-- sync_web_test -->
        <test-method signature="set_line_test()[pri:5, instance:com.yeasin.appium_qms.QmsOnlineNormal@3b7d3a38]" started-at="2024-05-16T15:50:05 BDT" name="set_line_test" finished-at="2024-05-16T15:50:17 BDT" duration-ms="11158" status="PASS">
          <reporter-output>
          </reporter-output>
        </test-method> <!-- set_line_test -->
        <test-method signature="select_order_test()[pri:6, instance:com.yeasin.appium_qms.QmsOnlineNormal@3b7d3a38]" started-at="2024-05-16T15:50:17 BDT" name="select_order_test" finished-at="2024-05-16T15:50:22 BDT" duration-ms="5182" status="PASS">
          <reporter-output>
          </reporter-output>
        </test-method> <!-- select_order_test -->
        <test-method signature="choose_variance_test()[pri:7, instance:com.yeasin.appium_qms.QmsOnlineNormal@3b7d3a38]" started-at="2024-05-16T15:50:22 BDT" name="choose_variance_test" finished-at="2024-05-16T15:50:27 BDT" duration-ms="5105" status="PASS">
          <reporter-output>
          </reporter-output>
        </test-method> <!-- choose_variance_test -->
        <test-method signature="pass_action_test()[pri:8, instance:com.yeasin.appium_qms.QmsOnlineNormal@3b7d3a38]" started-at="2024-05-16T15:50:27 BDT" name="pass_action_test" finished-at="2024-05-16T15:50:35 BDT" duration-ms="7760" status="PASS">
          <reporter-output>
          </reporter-output>
        </test-method> <!-- pass_action_test -->
        <test-method signature="pass_undo_test()[pri:8, instance:com.yeasin.appium_qms.QmsOnlineNormal@3b7d3a38]" started-at="2024-05-16T15:50:35 BDT" name="pass_undo_test" finished-at="2024-05-16T15:50:43 BDT" duration-ms="8175" status="PASS">
          <reporter-output>
          </reporter-output>
        </test-method> <!-- pass_undo_test -->
        <test-method signature="alter_action_test()[pri:9, instance:com.yeasin.appium_qms.QmsOnlineNormal@3b7d3a38]" started-at="2024-05-16T15:50:43 BDT" name="alter_action_test" finished-at="2024-05-16T15:51:03 BDT" duration-ms="20550" status="PASS">
          <reporter-output>
          </reporter-output>
        </test-method> <!-- alter_action_test -->
        <test-method signature="alter_undo_test()[pri:9, instance:com.yeasin.appium_qms.QmsOnlineNormal@3b7d3a38]" started-at="2024-05-16T15:51:03 BDT" name="alter_undo_test" finished-at="2024-05-16T15:51:26 BDT" duration-ms="22337" status="FAIL">
          <exception class="org.openqa.selenium.NoSuchElementException">
            <message>
              <![CDATA[An element could not be located on the page using the given search parameters.
For documentation on this error, please visit: https://www.selenium.dev/documentation/webdriver/troubleshooting/errors#no-such-element-exception
Build info: version: '4.16.1', revision: '9b4c83354e'
System info: os.name: 'Windows 10', os.arch: 'amd64', os.version: '10.0', java.version: '17.0.9'
Driver info: io.appium.java_client.android.AndroidDriver
Command: [d64f8b54-8306-443f-9010-6e2cd5f261bb, findElement {using=xpath, value=//android.view.ViewGroup[@content-desc="APPIUM OPERATION"]/android.view.ViewGroup}]
Capabilities {appium:automationName: UIAutomator2, appium:databaseEnabled: false, appium:desired: {automationName: UIAutomator2, deviceName: intellier-tab, platformName: ANDROID}, appium:deviceApiLevel: 28, appium:deviceManufacturer: Google, appium:deviceModel: AOSP on IA Emulator, appium:deviceName: emulator-5554, appium:deviceScreenDensity: 320, appium:deviceScreenSize: 2560x1600, appium:deviceUDID: emulator-5554, appium:javascriptEnabled: true, appium:locationContextEnabled: false, appium:networkConnectionEnabled: true, appium:pixelRatio: 2, appium:platformVersion: 9, appium:statBarHeight: 48, appium:takesScreenshot: true, appium:viewportRect: {height: 1552, left: 0, top: 48, width: 2560}, appium:warnings: {}, appium:webStorageEnabled: false, platformName: ANDROID}
Session ID: d64f8b54-8306-443f-9010-6e2cd5f261bb]]>
            </message>
            <full-stacktrace>
              <![CDATA[org.openqa.selenium.NoSuchElementException: An element could not be located on the page using the given search parameters.
For documentation on this error, please visit: https://www.selenium.dev/documentation/webdriver/troubleshooting/errors#no-such-element-exception
Build info: version: '4.16.1', revision: '9b4c83354e'
System info: os.name: 'Windows 10', os.arch: 'amd64', os.version: '10.0', java.version: '17.0.9'
Driver info: io.appium.java_client.android.AndroidDriver
Command: [d64f8b54-8306-443f-9010-6e2cd5f261bb, findElement {using=xpath, value=//android.view.ViewGroup[@content-desc="APPIUM OPERATION"]/android.view.ViewGroup}]
Capabilities {appium:automationName: UIAutomator2, appium:databaseEnabled: false, appium:desired: {automationName: UIAutomator2, deviceName: intellier-tab, platformName: ANDROID}, appium:deviceApiLevel: 28, appium:deviceManufacturer: Google, appium:deviceModel: AOSP on IA Emulator, appium:deviceName: emulator-5554, appium:deviceScreenDensity: 320, appium:deviceScreenSize: 2560x1600, appium:deviceUDID: emulator-5554, appium:javascriptEnabled: true, appium:locationContextEnabled: false, appium:networkConnectionEnabled: true, appium:pixelRatio: 2, appium:platformVersion: 9, appium:statBarHeight: 48, appium:takesScreenshot: true, appium:viewportRect: {height: 1552, left: 0, top: 48, width: 2560}, appium:warnings: {}, appium:webStorageEnabled: false, platformName: ANDROID}
Session ID: d64f8b54-8306-443f-9010-6e2cd5f261bb
at java.base/jdk.internal.reflect.NativeConstructorAccessorImpl.newInstance0(Native Method)
at java.base/jdk.internal.reflect.NativeConstructorAccessorImpl.newInstance(NativeConstructorAccessorImpl.java:77)
at java.base/jdk.internal.reflect.DelegatingConstructorAccessorImpl.newInstance(DelegatingConstructorAccessorImpl.java:45)
at java.base/java.lang.reflect.Constructor.newInstanceWithCaller(Constructor.java:499)
at java.base/java.lang.reflect.Constructor.newInstance(Constructor.java:480)
at org.openqa.selenium.remote.codec.w3c.W3CHttpResponseCodec.createException(W3CHttpResponseCodec.java:200)
at org.openqa.selenium.remote.codec.w3c.W3CHttpResponseCodec.decode(W3CHttpResponseCodec.java:133)
at org.openqa.selenium.remote.codec.w3c.W3CHttpResponseCodec.decode(W3CHttpResponseCodec.java:52)
at org.openqa.selenium.remote.HttpCommandExecutor.execute(HttpCommandExecutor.java:191)
at io.appium.java_client.remote.AppiumCommandExecutor.execute(AppiumCommandExecutor.java:238)
at org.openqa.selenium.remote.RemoteWebDriver.execute(RemoteWebDriver.java:523)
at org.openqa.selenium.remote.ElementLocation$ElementFinder$2.findElement(ElementLocation.java:165)
at org.openqa.selenium.remote.ElementLocation.findElement(ElementLocation.java:59)
at org.openqa.selenium.remote.RemoteWebDriver.findElement(RemoteWebDriver.java:360)
at org.openqa.selenium.remote.RemoteWebDriver.findElement(RemoteWebDriver.java:354)
at com.yeasin.appium_qms.utilities.QmsMain.enter_defect(QmsMain.java:321)
at com.yeasin.appium_qms.utilities.QmsMain.alter_action(QmsMain.java:282)
at com.yeasin.appium_qms.utilities.QmsMain.alter_undo(QmsMain.java:377)
at com.yeasin.appium_qms.QmsOnlineNormal.alter_undo_test(QmsOnlineNormal.java:80)
at java.base/jdk.internal.reflect.NativeMethodAccessorImpl.invoke0(Native Method)
at java.base/jdk.internal.reflect.NativeMethodAccessorImpl.invoke(NativeMethodAccessorImpl.java:77)
at java.base/jdk.internal.reflect.DelegatingMethodAccessorImpl.invoke(DelegatingMethodAccessorImpl.java:43)
at java.base/java.lang.reflect.Method.invoke(Method.java:568)
at org.testng.internal.MethodInvocationHelper.invokeMethod(MethodInvocationHelper.java:133)
at org.testng.internal.TestInvoker.invokeMethod(TestInvoker.java:598)
at org.testng.internal.TestInvoker.invokeTestMethod(TestInvoker.java:173)
at org.testng.internal.MethodRunner.runInSequence(MethodRunner.java:46)
at org.testng.internal.TestInvoker$MethodInvocationAgent.invoke(TestInvoker.java:824)
at org.testng.internal.TestInvoker.invokeTestMethods(TestInvoker.java:146)
at org.testng.internal.TestMethodWorker.invokeTestMethods(TestMethodWorker.java:146)
at org.testng.internal.TestMethodWorker.run(TestMethodWorker.java:128)
at java.base/java.util.ArrayList.forEach(ArrayList.java:1511)
at org.testng.TestRunner.privateRun(TestRunner.java:794)
at org.testng.TestRunner.run(TestRunner.java:596)
at org.testng.SuiteRunner.runTest(SuiteRunner.java:377)
at org.testng.SuiteRunner.runSequentially(SuiteRunner.java:371)
at org.testng.SuiteRunner.privateRun(SuiteRunner.java:332)
at org.testng.SuiteRunner.run(SuiteRunner.java:276)
at org.testng.SuiteRunnerWorker.runSuite(SuiteRunnerWorker.java:53)
at org.testng.SuiteRunnerWorker.run(SuiteRunnerWorker.java:96)
at org.testng.TestNG.runSuitesSequentially(TestNG.java:1212)
at org.testng.TestNG.runSuitesLocally(TestNG.java:1134)
at org.testng.TestNG.runSuites(TestNG.java:1063)
at org.testng.TestNG.run(TestNG.java:1031)
at org.testng.remote.AbstractRemoteTestNG.run(AbstractRemoteTestNG.java:115)
at org.testng.remote.RemoteTestNG.initAndRun(RemoteTestNG.java:251)
at org.testng.remote.RemoteTestNG.main(RemoteTestNG.java:77)
]]>
            </full-stacktrace>
          </exception> <!-- org.openqa.selenium.NoSuchElementException -->
          <reporter-output>
          </reporter-output>
        </test-method> <!-- alter_undo_test -->
        <test-method signature="reject_action_test()[pri:10, instance:com.yeasin.appium_qms.QmsOnlineNormal@3b7d3a38]" started-at="2024-05-16T15:51:26 BDT" name="reject_action_test" finished-at="2024-05-16T15:51:43 BDT" duration-ms="17245" status="PASS">
          <reporter-output>
          </reporter-output>
        </test-method> <!-- reject_action_test -->
        <test-method signature="reject_undo_test()[pri:10, instance:com.yeasin.appium_qms.QmsOnlineNormal@3b7d3a38]" started-at="2024-05-16T15:51:43 BDT" name="reject_undo_test" finished-at="2024-05-16T15:52:04 BDT" duration-ms="20475" status="PASS">
          <reporter-output>
          </reporter-output>
        </test-method> <!-- reject_undo_test -->
        <test-method signature="force_sync_test()[pri:11, instance:com.yeasin.appium_qms.QmsOnlineNormal@3b7d3a38]" started-at="2024-05-16T15:52:04 BDT" name="force_sync_test" finished-at="2024-05-16T15:52:09 BDT" duration-ms="5648" status="PASS">
          <reporter-output>
          </reporter-output>
        </test-method> <!-- force_sync_test -->
        <test-method signature="log_out_test()[pri:12, instance:com.yeasin.appium_qms.QmsOnlineNormal@3b7d3a38]" started-at="2024-05-16T15:52:09 BDT" name="log_out_test" finished-at="2024-05-16T15:52:21 BDT" duration-ms="11827" status="PASS">
          <reporter-output>
          </reporter-output>
        </test-method> <!-- log_out_test -->
        <test-method signature="close_down_test()[pri:13, instance:com.yeasin.appium_qms.QmsOnlineNormal@3b7d3a38]" started-at="2024-05-16T15:52:21 BDT" name="close_down_test" finished-at="2024-05-16T15:52:27 BDT" duration-ms="5738" status="PASS">
          <reporter-output>
          </reporter-output>
        </test-method> <!-- close_down_test -->
      </class> <!-- com.yeasin.appium_qms.QmsOnlineNormal -->
    </test> <!-- QMS Online Normal Test -->
  </suite> <!-- QMS Automation Suite -->
</testng-results>
