<?xml version="1.0" encoding="UTF-8"?>
<testng-results ignored="0" total="16" passed="16" failed="0" skipped="0">
  <reporter-output>
  </reporter-output>
  <suite started-at="2024-05-20T12:26:28 BDT" name="QMS Automation Suite" finished-at="2024-05-20T12:29:12 BDT" duration-ms="164250">
    <groups>
    </groups>
    <test started-at="2024-05-20T12:26:28 BDT" name="QMS Online Normal Test" finished-at="2024-05-20T12:29:12 BDT" duration-ms="164250">
      <class name="com.yeasin.appium_qms.QmsOnlineNormal">
        <test-method signature="set_up_test()[pri:1, instance:com.yeasin.appium_qms.QmsOnlineNormal@1046d517]" started-at="2024-05-20T12:26:28 BDT" name="set_up_test" finished-at="2024-05-20T12:26:34 BDT" duration-ms="6626" status="PASS">
          <reporter-output>
          </reporter-output>
        </test-method> <!-- set_up_test -->
        <test-method signature="log_in_test()[pri:2, instance:com.yeasin.appium_qms.QmsOnlineNormal@1046d517]" started-at="2024-05-20T12:26:34 BDT" name="log_in_test" finished-at="2024-05-20T12:26:39 BDT" duration-ms="5196" status="PASS">
          <reporter-output>
          </reporter-output>
        </test-method> <!-- log_in_test -->
        <test-method signature="expand_side_menu_test()[pri:3, instance:com.yeasin.appium_qms.QmsOnlineNormal@1046d517]" started-at="2024-05-20T12:26:39 BDT" name="expand_side_menu_test" finished-at="2024-05-20T12:26:46 BDT" duration-ms="6523" status="PASS">
          <reporter-output>
          </reporter-output>
        </test-method> <!-- expand_side_menu_test -->
        <test-method signature="sync_web_test()[pri:4, instance:com.yeasin.appium_qms.QmsOnlineNormal@1046d517]" started-at="2024-05-20T12:26:46 BDT" name="sync_web_test" finished-at="2024-05-20T12:26:48 BDT" duration-ms="1610" status="PASS">
          <reporter-output>
          </reporter-output>
        </test-method> <!-- sync_web_test -->
        <test-method signature="set_line_test()[pri:5, instance:com.yeasin.appium_qms.QmsOnlineNormal@1046d517]" started-at="2024-05-20T12:26:48 BDT" name="set_line_test" finished-at="2024-05-20T12:27:02 BDT" duration-ms="14554" status="PASS">
          <reporter-output>
          </reporter-output>
        </test-method> <!-- set_line_test -->
        <test-method signature="select_order_test()[pri:6, instance:com.yeasin.appium_qms.QmsOnlineNormal@1046d517]" started-at="2024-05-20T12:27:02 BDT" name="select_order_test" finished-at="2024-05-20T12:27:07 BDT" duration-ms="5153" status="PASS">
          <reporter-output>
          </reporter-output>
        </test-method> <!-- select_order_test -->
        <test-method signature="choose_variance_test()[pri:7, instance:com.yeasin.appium_qms.QmsOnlineNormal@1046d517]" started-at="2024-05-20T12:27:07 BDT" name="choose_variance_test" finished-at="2024-05-20T12:27:12 BDT" duration-ms="5104" status="PASS">
          <reporter-output>
          </reporter-output>
        </test-method> <!-- choose_variance_test -->
        <test-method signature="pass_action_test()[pri:8, instance:com.yeasin.appium_qms.QmsOnlineNormal@1046d517]" started-at="2024-05-20T12:27:12 BDT" name="pass_action_test" finished-at="2024-05-20T12:27:20 BDT" duration-ms="7757" status="PASS">
          <reporter-output>
          </reporter-output>
        </test-method> <!-- pass_action_test -->
        <test-method signature="pass_undo_test()[pri:8, instance:com.yeasin.appium_qms.QmsOnlineNormal@1046d517]" started-at="2024-05-20T12:27:20 BDT" name="pass_undo_test" finished-at="2024-05-20T12:27:28 BDT" duration-ms="7637" status="PASS">
          <reporter-output>
          </reporter-output>
        </test-method> <!-- pass_undo_test -->
        <test-method signature="alter_action_test()[pri:9, instance:com.yeasin.appium_qms.QmsOnlineNormal@1046d517]" started-at="2024-05-20T12:27:28 BDT" name="alter_action_test" finished-at="2024-05-20T12:27:48 BDT" duration-ms="20405" status="PASS">
          <reporter-output>
          </reporter-output>
        </test-method> <!-- alter_action_test -->
        <test-method signature="alter_undo_test()[pri:9, instance:com.yeasin.appium_qms.QmsOnlineNormal@1046d517]" started-at="2024-05-20T12:27:48 BDT" name="alter_undo_test" finished-at="2024-05-20T12:28:09 BDT" duration-ms="20324" status="PASS">
          <reporter-output>
          </reporter-output>
        </test-method> <!-- alter_undo_test -->
        <test-method signature="reject_action_test()[pri:10, instance:com.yeasin.appium_qms.QmsOnlineNormal@1046d517]" started-at="2024-05-20T12:28:09 BDT" name="reject_action_test" finished-at="2024-05-20T12:28:28 BDT" duration-ms="19744" status="PASS">
          <reporter-output>
          </reporter-output>
        </test-method> <!-- reject_action_test -->
        <test-method signature="reject_undo_test()[pri:10, instance:com.yeasin.appium_qms.QmsOnlineNormal@1046d517]" started-at="2024-05-20T12:28:28 BDT" name="reject_undo_test" finished-at="2024-05-20T12:28:49 BDT" duration-ms="20285" status="PASS">
          <reporter-output>
          </reporter-output>
        </test-method> <!-- reject_undo_test -->
        <test-method signature="force_sync_test()[pri:11, instance:com.yeasin.appium_qms.QmsOnlineNormal@1046d517]" started-at="2024-05-20T12:28:49 BDT" name="force_sync_test" finished-at="2024-05-20T12:28:54 BDT" duration-ms="5646" status="PASS">
          <reporter-output>
          </reporter-output>
        </test-method> <!-- force_sync_test -->
        <test-method signature="log_out_test()[pri:12, instance:com.yeasin.appium_qms.QmsOnlineNormal@1046d517]" started-at="2024-05-20T12:28:54 BDT" name="log_out_test" finished-at="2024-05-20T12:29:06 BDT" duration-ms="11823" status="PASS">
          <reporter-output>
          </reporter-output>
        </test-method> <!-- log_out_test -->
        <test-method signature="close_down_test()[pri:13, instance:com.yeasin.appium_qms.QmsOnlineNormal@1046d517]" started-at="2024-05-20T12:29:06 BDT" name="close_down_test" finished-at="2024-05-20T12:29:12 BDT" duration-ms="5818" status="PASS">
          <reporter-output>
          </reporter-output>
        </test-method> <!-- close_down_test -->
      </class> <!-- com.yeasin.appium_qms.QmsOnlineNormal -->
    </test> <!-- QMS Online Normal Test -->
  </suite> <!-- QMS Automation Suite -->
</testng-results>
