<?xml version="1.0" encoding="UTF-8"?>
<testng-results ignored="0" total="52" passed="46" failed="6" skipped="0">
  <reporter-output>
  </reporter-output>
  <suite started-at="2024-05-23T15:46:13 BDT" name="QMS Automation Suite" finished-at="2024-05-23T16:04:35 BDT" duration-ms="1102024">
    <groups>
    </groups>
    <test started-at="2024-05-23T15:46:13 BDT" name="QMS Online Normal Test" finished-at="2024-05-23T15:48:59 BDT" duration-ms="166455">
      <class name="com.yeasin.appium_qms.QmsOnlineNormal">
        <test-method is-config="true" signature="log_in_test()[pri:0, instance:com.yeasin.appium_qms.QmsOnlineNormal@31c7528f]" started-at="2024-05-23T15:46:13 BDT" name="log_in_test" finished-at="2024-05-23T15:46:18 BDT" duration-ms="5501" status="PASS">
          <reporter-output>
          </reporter-output>
        </test-method> <!-- log_in_test -->
        <test-method signature="expand_side_menu_test()[pri:1, instance:com.yeasin.appium_qms.QmsOnlineNormal@31c7528f]" started-at="2024-05-23T15:46:18 BDT" name="expand_side_menu_test" finished-at="2024-05-23T15:46:25 BDT" duration-ms="6191" status="PASS">
          <reporter-output>
          </reporter-output>
        </test-method> <!-- expand_side_menu_test -->
        <test-method signature="sync_web_test()[pri:2, instance:com.yeasin.appium_qms.QmsOnlineNormal@31c7528f]" started-at="2024-05-23T15:46:25 BDT" name="sync_web_test" finished-at="2024-05-23T15:46:26 BDT" duration-ms="1680" status="PASS">
          <reporter-output>
          </reporter-output>
        </test-method> <!-- sync_web_test -->
        <test-method signature="set_lid_test()[pri:3, instance:com.yeasin.appium_qms.QmsOnlineNormal@31c7528f]" started-at="2024-05-23T15:46:26 BDT" name="set_lid_test" finished-at="2024-05-23T15:46:36 BDT" duration-ms="10275" status="PASS">
          <reporter-output>
          </reporter-output>
        </test-method> <!-- set_lid_test -->
        <test-method signature="set_bso_test()[pri:4, instance:com.yeasin.appium_qms.QmsOnlineNormal@31c7528f]" started-at="2024-05-23T15:46:36 BDT" name="set_bso_test" finished-at="2024-05-23T15:46:42 BDT" duration-ms="5137" status="PASS">
          <reporter-output>
          </reporter-output>
        </test-method> <!-- set_bso_test -->
        <test-method signature="choose_variance_test()[pri:5, instance:com.yeasin.appium_qms.QmsOnlineNormal@31c7528f]" started-at="2024-05-23T15:46:42 BDT" name="choose_variance_test" finished-at="2024-05-23T15:46:47 BDT" duration-ms="5096" status="PASS">
          <reporter-output>
          </reporter-output>
        </test-method> <!-- choose_variance_test -->
        <test-method signature="pass_action_test()[pri:6, instance:com.yeasin.appium_qms.QmsOnlineNormal@31c7528f]" started-at="2024-05-23T15:46:47 BDT" name="pass_action_test" finished-at="2024-05-23T15:46:54 BDT" duration-ms="7747" status="PASS">
          <reporter-output>
          </reporter-output>
        </test-method> <!-- pass_action_test -->
        <test-method signature="pass_undo_test()[pri:6, instance:com.yeasin.appium_qms.QmsOnlineNormal@31c7528f]" started-at="2024-05-23T15:46:54 BDT" name="pass_undo_test" finished-at="2024-05-23T15:47:03 BDT" duration-ms="8082" status="PASS">
          <reporter-output>
          </reporter-output>
        </test-method> <!-- pass_undo_test -->
        <test-method signature="alter_action_test()[pri:7, instance:com.yeasin.appium_qms.QmsOnlineNormal@31c7528f]" started-at="2024-05-23T15:47:03 BDT" name="alter_action_test" finished-at="2024-05-23T15:47:27 BDT" duration-ms="24472" status="PASS">
          <reporter-output>
          </reporter-output>
        </test-method> <!-- alter_action_test -->
        <test-method signature="alter_undo_test()[pri:7, instance:com.yeasin.appium_qms.QmsOnlineNormal@31c7528f]" started-at="2024-05-23T15:47:27 BDT" name="alter_undo_test" finished-at="2024-05-23T15:47:51 BDT" duration-ms="24291" status="PASS">
          <reporter-output>
          </reporter-output>
        </test-method> <!-- alter_undo_test -->
        <test-method signature="reject_action_test()[pri:8, instance:com.yeasin.appium_qms.QmsOnlineNormal@31c7528f]" started-at="2024-05-23T15:47:51 BDT" name="reject_action_test" finished-at="2024-05-23T15:48:17 BDT" duration-ms="25343" status="PASS">
          <reporter-output>
          </reporter-output>
        </test-method> <!-- reject_action_test -->
        <test-method signature="reject_undo_test()[pri:8, instance:com.yeasin.appium_qms.QmsOnlineNormal@31c7528f]" started-at="2024-05-23T15:48:17 BDT" name="reject_undo_test" finished-at="2024-05-23T15:48:42 BDT" duration-ms="25157" status="PASS">
          <reporter-output>
          </reporter-output>
        </test-method> <!-- reject_undo_test -->
        <test-method signature="force_sync_test()[pri:9, instance:com.yeasin.appium_qms.QmsOnlineNormal@31c7528f]" started-at="2024-05-23T15:48:42 BDT" name="force_sync_test" finished-at="2024-05-23T15:48:47 BDT" duration-ms="5630" status="PASS">
          <reporter-output>
          </reporter-output>
        </test-method> <!-- force_sync_test -->
        <test-method is-config="true" signature="log_out_test()[pri:0, instance:com.yeasin.appium_qms.QmsOnlineNormal@31c7528f]" started-at="2024-05-23T15:48:47 BDT" name="log_out_test" finished-at="2024-05-23T15:48:59 BDT" duration-ms="11815" status="PASS">
          <reporter-output>
          </reporter-output>
        </test-method> <!-- log_out_test -->
      </class> <!-- com.yeasin.appium_qms.QmsOnlineNormal -->
    </test> <!-- QMS Online Normal Test -->
    <test started-at="2024-05-23T15:49:00 BDT" name="QMS Online Repair Test" finished-at="2024-05-23T15:51:44 BDT" duration-ms="164761">
      <class name="com.yeasin.appium_qms.QmsOnlineRepair">
        <test-method is-config="true" signature="log_in_test()[pri:0, instance:com.yeasin.appium_qms.QmsOnlineRepair@42039326]" started-at="2024-05-23T15:49:00 BDT" name="log_in_test" finished-at="2024-05-23T15:49:02 BDT" duration-ms="1992" status="PASS">
          <reporter-output>
          </reporter-output>
        </test-method> <!-- log_in_test -->
        <test-method signature="expand_side_menu_test()[pri:3, instance:com.yeasin.appium_qms.QmsOnlineRepair@42039326]" started-at="2024-05-23T15:49:02 BDT" name="expand_side_menu_test" finished-at="2024-05-23T15:49:07 BDT" duration-ms="5312" status="PASS">
          <reporter-output>
          </reporter-output>
        </test-method> <!-- expand_side_menu_test -->
        <test-method signature="sync_web_test()[pri:4, instance:com.yeasin.appium_qms.QmsOnlineRepair@42039326]" started-at="2024-05-23T15:49:07 BDT" name="sync_web_test" finished-at="2024-05-23T15:49:07 BDT" duration-ms="85" status="PASS">
          <reporter-output>
          </reporter-output>
        </test-method> <!-- sync_web_test -->
        <test-method signature="set_lid_test()[pri:5, instance:com.yeasin.appium_qms.QmsOnlineRepair@42039326]" started-at="2024-05-23T15:49:07 BDT" name="set_lid_test" finished-at="2024-05-23T15:49:17 BDT" duration-ms="10317" status="PASS">
          <reporter-output>
          </reporter-output>
        </test-method> <!-- set_lid_test -->
        <test-method signature="set_bso_test()[pri:6, instance:com.yeasin.appium_qms.QmsOnlineRepair@42039326]" started-at="2024-05-23T15:49:17 BDT" name="set_bso_test" finished-at="2024-05-23T15:49:22 BDT" duration-ms="5115" status="PASS">
          <reporter-output>
          </reporter-output>
        </test-method> <!-- set_bso_test -->
        <test-method signature="choose_variance_test()[pri:7, instance:com.yeasin.appium_qms.QmsOnlineRepair@42039326]" started-at="2024-05-23T15:49:22 BDT" name="choose_variance_test" finished-at="2024-05-23T15:49:27 BDT" duration-ms="5034" status="PASS">
          <reporter-output>
          </reporter-output>
        </test-method> <!-- choose_variance_test -->
        <test-method signature="repair_mode_on_test()[pri:8, instance:com.yeasin.appium_qms.QmsOnlineRepair@42039326]" started-at="2024-05-23T15:49:27 BDT" name="repair_mode_on_test" finished-at="2024-05-23T15:49:30 BDT" duration-ms="2124" status="PASS">
          <reporter-output>
          </reporter-output>
        </test-method> <!-- repair_mode_on_test -->
        <test-method signature="pass_action_test()[pri:9, instance:com.yeasin.appium_qms.QmsOnlineRepair@42039326]" started-at="2024-05-23T15:49:30 BDT" name="pass_action_test" finished-at="2024-05-23T15:49:37 BDT" duration-ms="7706" status="PASS">
          <reporter-output>
          </reporter-output>
        </test-method> <!-- pass_action_test -->
        <test-method signature="pass_undo_test()[pri:9, instance:com.yeasin.appium_qms.QmsOnlineRepair@42039326]" started-at="2024-05-23T15:49:37 BDT" name="pass_undo_test" finished-at="2024-05-23T15:49:45 BDT" duration-ms="7442" status="PASS">
          <reporter-output>
          </reporter-output>
        </test-method> <!-- pass_undo_test -->
        <test-method signature="alter_action_test()[pri:10, instance:com.yeasin.appium_qms.QmsOnlineRepair@42039326]" started-at="2024-05-23T15:49:45 BDT" name="alter_action_test" finished-at="2024-05-23T15:50:09 BDT" duration-ms="24295" status="PASS">
          <reporter-output>
          </reporter-output>
        </test-method> <!-- alter_action_test -->
        <test-method signature="alter_undo_test()[pri:10, instance:com.yeasin.appium_qms.QmsOnlineRepair@42039326]" started-at="2024-05-23T15:50:09 BDT" name="alter_undo_test" finished-at="2024-05-23T15:50:34 BDT" duration-ms="24914" status="PASS">
          <reporter-output>
          </reporter-output>
        </test-method> <!-- alter_undo_test -->
        <test-method signature="reject_action_test()[pri:11, instance:com.yeasin.appium_qms.QmsOnlineRepair@42039326]" started-at="2024-05-23T15:50:34 BDT" name="reject_action_test" finished-at="2024-05-23T15:50:59 BDT" duration-ms="25322" status="PASS">
          <reporter-output>
          </reporter-output>
        </test-method> <!-- reject_action_test -->
        <test-method signature="reject_undo_test()[pri:11, instance:com.yeasin.appium_qms.QmsOnlineRepair@42039326]" started-at="2024-05-23T15:50:59 BDT" name="reject_undo_test" finished-at="2024-05-23T15:51:25 BDT" duration-ms="25540" status="PASS">
          <reporter-output>
          </reporter-output>
        </test-method> <!-- reject_undo_test -->
        <test-method signature="repair_mode_off_test()[pri:12, instance:com.yeasin.appium_qms.QmsOnlineRepair@42039326]" started-at="2024-05-23T15:51:25 BDT" name="repair_mode_off_test" finished-at="2024-05-23T15:51:27 BDT" duration-ms="2116" status="PASS">
          <reporter-output>
          </reporter-output>
        </test-method> <!-- repair_mode_off_test -->
        <test-method signature="force_sync_test()[pri:13, instance:com.yeasin.appium_qms.QmsOnlineRepair@42039326]" started-at="2024-05-23T15:51:27 BDT" name="force_sync_test" finished-at="2024-05-23T15:51:33 BDT" duration-ms="5658" status="PASS">
          <reporter-output>
          </reporter-output>
        </test-method> <!-- force_sync_test -->
        <test-method is-config="true" signature="log_out_test()[pri:0, instance:com.yeasin.appium_qms.QmsOnlineRepair@42039326]" started-at="2024-05-23T15:51:33 BDT" name="log_out_test" finished-at="2024-05-23T15:51:44 BDT" duration-ms="11779" status="PASS">
          <reporter-output>
          </reporter-output>
        </test-method> <!-- log_out_test -->
      </class> <!-- com.yeasin.appium_qms.QmsOnlineRepair -->
    </test> <!-- QMS Online Repair Test -->
    <test started-at="2024-05-23T15:51:44 BDT" name="QMS Offline Normal Test" finished-at="2024-05-23T15:57:28 BDT" duration-ms="344096">
      <class name="com.yeasin.appium_qms.QmsOfflineNormal">
        <test-method is-config="true" signature="log_in_test()[pri:0, instance:com.yeasin.appium_qms.QmsOfflineNormal@7d1cfb8b]" started-at="2024-05-23T15:51:44 BDT" name="log_in_test" finished-at="2024-05-23T15:51:46 BDT" duration-ms="2116" status="PASS">
          <reporter-output>
          </reporter-output>
        </test-method> <!-- log_in_test -->
        <test-method signature="expand_side_menu_test()[pri:3, instance:com.yeasin.appium_qms.QmsOfflineNormal@7d1cfb8b]" started-at="2024-05-23T15:51:46 BDT" name="expand_side_menu_test" finished-at="2024-05-23T15:51:53 BDT" duration-ms="6114" status="PASS">
          <reporter-output>
          </reporter-output>
        </test-method> <!-- expand_side_menu_test -->
        <test-method signature="sync_web_test()[pri:4, instance:com.yeasin.appium_qms.QmsOfflineNormal@7d1cfb8b]" started-at="2024-05-23T15:51:53 BDT" name="sync_web_test" finished-at="2024-05-23T15:51:53 BDT" duration-ms="74" status="PASS">
          <reporter-output>
          </reporter-output>
        </test-method> <!-- sync_web_test -->
        <test-method signature="set_lid_test()[pri:5, instance:com.yeasin.appium_qms.QmsOfflineNormal@7d1cfb8b]" started-at="2024-05-23T15:51:53 BDT" name="set_lid_test" finished-at="2024-05-23T15:52:03 BDT" duration-ms="9955" status="PASS">
          <reporter-output>
          </reporter-output>
        </test-method> <!-- set_lid_test -->
        <test-method signature="set_bso_test()[pri:6, instance:com.yeasin.appium_qms.QmsOfflineNormal@7d1cfb8b]" started-at="2024-05-23T15:52:03 BDT" name="set_bso_test" finished-at="2024-05-23T15:52:08 BDT" duration-ms="5074" status="PASS">
          <reporter-output>
          </reporter-output>
        </test-method> <!-- set_bso_test -->
        <test-method signature="choose_variance_test()[pri:7, instance:com.yeasin.appium_qms.QmsOfflineNormal@7d1cfb8b]" started-at="2024-05-23T15:52:08 BDT" name="choose_variance_test" finished-at="2024-05-23T15:52:13 BDT" duration-ms="5558" status="PASS">
          <reporter-output>
          </reporter-output>
        </test-method> <!-- choose_variance_test -->
        <test-method signature="pass_action_test()[pri:8, instance:com.yeasin.appium_qms.QmsOfflineNormal@7d1cfb8b]" started-at="2024-05-23T15:52:13 BDT" name="pass_action_test" finished-at="2024-05-23T15:52:21 BDT" duration-ms="7598" status="PASS">
          <reporter-output>
          </reporter-output>
        </test-method> <!-- pass_action_test -->
        <test-method signature="pass_undo_test()[pri:8, instance:com.yeasin.appium_qms.QmsOfflineNormal@7d1cfb8b]" started-at="2024-05-23T15:52:21 BDT" name="pass_undo_test" finished-at="2024-05-23T15:53:15 BDT" duration-ms="54582" status="FAIL">
          <exception class="org.openqa.selenium.NoSuchElementException">
            <message>
              <![CDATA[An element could not be located on the page using the given search parameters.
For documentation on this error, please visit: https://www.selenium.dev/documentation/webdriver/troubleshooting/errors#no-such-element-exception
Build info: version: '4.16.1', revision: '9b4c83354e'
System info: os.name: 'Windows 10', os.arch: 'amd64', os.version: '10.0', java.version: '17.0.9'
Driver info: io.appium.java_client.android.AndroidDriver
Command: [26c8459f-c5f3-43a8-a738-8fb3897b2d64, findElement {using=xpath, value=//android.widget.FrameLayout[@resource-id="android:id/content"]/android.widget.FrameLayout/android.view.ViewGroup/android.view.ViewGroup/android.view.ViewGroup/android.view.ViewGroup/android.view.ViewGroup/android.view.ViewGroup/android.view.ViewGroup/android.view.ViewGroup/android.widget.FrameLayout/android.view.ViewGroup/android.view.ViewGroup/android.view.ViewGroup/android.view.ViewGroup/android.view.ViewGroup[1]/android.widget.FrameLayout/android.view.ViewGroup/android.view.ViewGroup/android.view.ViewGroup[2]/android.view.ViewGroup/android.view.ViewGroup/android.view.ViewGroup/android.view.ViewGroup[4]/android.view.ViewGroup/android.view.ViewGroup}]
Capabilities {appium:automationName: UIAutomator2, appium:databaseEnabled: false, appium:desired: {automationName: UIAutomator2, deviceName: intellier-tab, platformName: ANDROID}, appium:deviceApiLevel: 28, appium:deviceManufacturer: Google, appium:deviceModel: AOSP on IA Emulator, appium:deviceName: emulator-5554, appium:deviceScreenDensity: 320, appium:deviceScreenSize: 2560x1600, appium:deviceUDID: emulator-5554, appium:javascriptEnabled: true, appium:locationContextEnabled: false, appium:networkConnectionEnabled: true, appium:pixelRatio: 2, appium:platformVersion: 9, appium:statBarHeight: 48, appium:takesScreenshot: true, appium:viewportRect: {height: 1552, left: 0, top: 48, width: 2560}, appium:warnings: {}, appium:webStorageEnabled: false, platformName: ANDROID}
Session ID: 26c8459f-c5f3-43a8-a738-8fb3897b2d64]]>
            </message>
            <full-stacktrace>
              <![CDATA[org.openqa.selenium.NoSuchElementException: An element could not be located on the page using the given search parameters.
For documentation on this error, please visit: https://www.selenium.dev/documentation/webdriver/troubleshooting/errors#no-such-element-exception
Build info: version: '4.16.1', revision: '9b4c83354e'
System info: os.name: 'Windows 10', os.arch: 'amd64', os.version: '10.0', java.version: '17.0.9'
Driver info: io.appium.java_client.android.AndroidDriver
Command: [26c8459f-c5f3-43a8-a738-8fb3897b2d64, findElement {using=xpath, value=//android.widget.FrameLayout[@resource-id="android:id/content"]/android.widget.FrameLayout/android.view.ViewGroup/android.view.ViewGroup/android.view.ViewGroup/android.view.ViewGroup/android.view.ViewGroup/android.view.ViewGroup/android.view.ViewGroup/android.view.ViewGroup/android.widget.FrameLayout/android.view.ViewGroup/android.view.ViewGroup/android.view.ViewGroup/android.view.ViewGroup/android.view.ViewGroup[1]/android.widget.FrameLayout/android.view.ViewGroup/android.view.ViewGroup/android.view.ViewGroup[2]/android.view.ViewGroup/android.view.ViewGroup/android.view.ViewGroup/android.view.ViewGroup[4]/android.view.ViewGroup/android.view.ViewGroup}]
Capabilities {appium:automationName: UIAutomator2, appium:databaseEnabled: false, appium:desired: {automationName: UIAutomator2, deviceName: intellier-tab, platformName: ANDROID}, appium:deviceApiLevel: 28, appium:deviceManufacturer: Google, appium:deviceModel: AOSP on IA Emulator, appium:deviceName: emulator-5554, appium:deviceScreenDensity: 320, appium:deviceScreenSize: 2560x1600, appium:deviceUDID: emulator-5554, appium:javascriptEnabled: true, appium:locationContextEnabled: false, appium:networkConnectionEnabled: true, appium:pixelRatio: 2, appium:platformVersion: 9, appium:statBarHeight: 48, appium:takesScreenshot: true, appium:viewportRect: {height: 1552, left: 0, top: 48, width: 2560}, appium:warnings: {}, appium:webStorageEnabled: false, platformName: ANDROID}
Session ID: 26c8459f-c5f3-43a8-a738-8fb3897b2d64
at jdk.internal.reflect.GeneratedConstructorAccessor13.newInstance(Unknown Source)
at java.base/jdk.internal.reflect.DelegatingConstructorAccessorImpl.newInstance(DelegatingConstructorAccessorImpl.java:45)
at java.base/java.lang.reflect.Constructor.newInstanceWithCaller(Constructor.java:499)
at java.base/java.lang.reflect.Constructor.newInstance(Constructor.java:480)
at org.openqa.selenium.remote.codec.w3c.W3CHttpResponseCodec.createException(W3CHttpResponseCodec.java:200)
at org.openqa.selenium.remote.codec.w3c.W3CHttpResponseCodec.decode(W3CHttpResponseCodec.java:133)
at org.openqa.selenium.remote.codec.w3c.W3CHttpResponseCodec.decode(W3CHttpResponseCodec.java:52)
at org.openqa.selenium.remote.HttpCommandExecutor.execute(HttpCommandExecutor.java:191)
at io.appium.java_client.remote.AppiumCommandExecutor.execute(AppiumCommandExecutor.java:238)
at org.openqa.selenium.remote.RemoteWebDriver.execute(RemoteWebDriver.java:523)
at org.openqa.selenium.remote.ElementLocation$ElementFinder$2.findElement(ElementLocation.java:165)
at org.openqa.selenium.remote.ElementLocation.findElement(ElementLocation.java:59)
at org.openqa.selenium.remote.RemoteWebDriver.findElement(RemoteWebDriver.java:360)
at org.openqa.selenium.remote.RemoteWebDriver.findElement(RemoteWebDriver.java:354)
at com.yeasin.appium_qms.utilities.QmsMain.undo_action(QmsMain.java:428)
at com.yeasin.appium_qms.utilities.QmsMain.pass_undo(QmsMain.java:448)
at com.yeasin.appium_qms.QmsOfflineNormal.pass_undo_test(QmsOfflineNormal.java:68)
at java.base/jdk.internal.reflect.NativeMethodAccessorImpl.invoke0(Native Method)
at java.base/jdk.internal.reflect.NativeMethodAccessorImpl.invoke(NativeMethodAccessorImpl.java:77)
at java.base/jdk.internal.reflect.DelegatingMethodAccessorImpl.invoke(DelegatingMethodAccessorImpl.java:43)
at java.base/java.lang.reflect.Method.invoke(Method.java:568)
at org.testng.internal.MethodInvocationHelper.invokeMethod(MethodInvocationHelper.java:133)
at org.testng.internal.TestInvoker.invokeMethod(TestInvoker.java:598)
at org.testng.internal.TestInvoker.invokeTestMethod(TestInvoker.java:173)
at org.testng.internal.MethodRunner.runInSequence(MethodRunner.java:46)
at org.testng.internal.TestInvoker$MethodInvocationAgent.invoke(TestInvoker.java:824)
at org.testng.internal.TestInvoker.invokeTestMethods(TestInvoker.java:146)
at org.testng.internal.TestMethodWorker.invokeTestMethods(TestMethodWorker.java:146)
at org.testng.internal.TestMethodWorker.run(TestMethodWorker.java:128)
at java.base/java.util.ArrayList.forEach(ArrayList.java:1511)
at org.testng.TestRunner.privateRun(TestRunner.java:794)
at org.testng.TestRunner.run(TestRunner.java:596)
at org.testng.SuiteRunner.runTest(SuiteRunner.java:377)
at org.testng.SuiteRunner.runSequentially(SuiteRunner.java:371)
at org.testng.SuiteRunner.privateRun(SuiteRunner.java:332)
at org.testng.SuiteRunner.run(SuiteRunner.java:276)
at org.testng.SuiteRunnerWorker.runSuite(SuiteRunnerWorker.java:53)
at org.testng.SuiteRunnerWorker.run(SuiteRunnerWorker.java:96)
at org.testng.TestNG.runSuitesSequentially(TestNG.java:1212)
at org.testng.TestNG.runSuitesLocally(TestNG.java:1134)
at org.testng.TestNG.runSuites(TestNG.java:1063)
at org.testng.TestNG.run(TestNG.java:1031)
at org.testng.remote.AbstractRemoteTestNG.run(AbstractRemoteTestNG.java:115)
at org.testng.remote.RemoteTestNG.initAndRun(RemoteTestNG.java:251)
at org.testng.remote.RemoteTestNG.main(RemoteTestNG.java:77)
]]>
            </full-stacktrace>
          </exception> <!-- org.openqa.selenium.NoSuchElementException -->
          <reporter-output>
          </reporter-output>
        </test-method> <!-- pass_undo_test -->
        <test-method signature="alter_action_test()[pri:9, instance:com.yeasin.appium_qms.QmsOfflineNormal@7d1cfb8b]" started-at="2024-05-23T15:53:15 BDT" name="alter_action_test" finished-at="2024-05-23T15:54:08 BDT" duration-ms="52984" status="PASS">
          <reporter-output>
          </reporter-output>
        </test-method> <!-- alter_action_test -->
        <test-method signature="alter_undo_test()[pri:9, instance:com.yeasin.appium_qms.QmsOfflineNormal@7d1cfb8b]" started-at="2024-05-23T15:54:08 BDT" name="alter_undo_test" finished-at="2024-05-23T15:55:11 BDT" duration-ms="62866" status="FAIL">
          <exception class="org.openqa.selenium.NoSuchElementException">
            <message>
              <![CDATA[An element could not be located on the page using the given search parameters.
For documentation on this error, please visit: https://www.selenium.dev/documentation/webdriver/troubleshooting/errors#no-such-element-exception
Build info: version: '4.16.1', revision: '9b4c83354e'
System info: os.name: 'Windows 10', os.arch: 'amd64', os.version: '10.0', java.version: '17.0.9'
Driver info: io.appium.java_client.android.AndroidDriver
Command: [26c8459f-c5f3-43a8-a738-8fb3897b2d64, findElement {using=xpath, value=//android.widget.FrameLayout[@resource-id="android:id/content"]/android.widget.FrameLayout/android.view.ViewGroup/android.view.ViewGroup/android.view.ViewGroup/android.view.ViewGroup/android.view.ViewGroup/android.view.ViewGroup/android.view.ViewGroup/android.view.ViewGroup/android.widget.FrameLayout/android.view.ViewGroup/android.view.ViewGroup/android.view.ViewGroup/android.view.ViewGroup/android.view.ViewGroup[1]/android.widget.FrameLayout/android.view.ViewGroup/android.view.ViewGroup/android.view.ViewGroup[2]/android.view.ViewGroup/android.view.ViewGroup/android.view.ViewGroup/android.view.ViewGroup[4]/android.view.ViewGroup/android.view.ViewGroup}]
Capabilities {appium:automationName: UIAutomator2, appium:databaseEnabled: false, appium:desired: {automationName: UIAutomator2, deviceName: intellier-tab, platformName: ANDROID}, appium:deviceApiLevel: 28, appium:deviceManufacturer: Google, appium:deviceModel: AOSP on IA Emulator, appium:deviceName: emulator-5554, appium:deviceScreenDensity: 320, appium:deviceScreenSize: 2560x1600, appium:deviceUDID: emulator-5554, appium:javascriptEnabled: true, appium:locationContextEnabled: false, appium:networkConnectionEnabled: true, appium:pixelRatio: 2, appium:platformVersion: 9, appium:statBarHeight: 48, appium:takesScreenshot: true, appium:viewportRect: {height: 1552, left: 0, top: 48, width: 2560}, appium:warnings: {}, appium:webStorageEnabled: false, platformName: ANDROID}
Session ID: 26c8459f-c5f3-43a8-a738-8fb3897b2d64]]>
            </message>
            <full-stacktrace>
              <![CDATA[org.openqa.selenium.NoSuchElementException: An element could not be located on the page using the given search parameters.
For documentation on this error, please visit: https://www.selenium.dev/documentation/webdriver/troubleshooting/errors#no-such-element-exception
Build info: version: '4.16.1', revision: '9b4c83354e'
System info: os.name: 'Windows 10', os.arch: 'amd64', os.version: '10.0', java.version: '17.0.9'
Driver info: io.appium.java_client.android.AndroidDriver
Command: [26c8459f-c5f3-43a8-a738-8fb3897b2d64, findElement {using=xpath, value=//android.widget.FrameLayout[@resource-id="android:id/content"]/android.widget.FrameLayout/android.view.ViewGroup/android.view.ViewGroup/android.view.ViewGroup/android.view.ViewGroup/android.view.ViewGroup/android.view.ViewGroup/android.view.ViewGroup/android.view.ViewGroup/android.widget.FrameLayout/android.view.ViewGroup/android.view.ViewGroup/android.view.ViewGroup/android.view.ViewGroup/android.view.ViewGroup[1]/android.widget.FrameLayout/android.view.ViewGroup/android.view.ViewGroup/android.view.ViewGroup[2]/android.view.ViewGroup/android.view.ViewGroup/android.view.ViewGroup/android.view.ViewGroup[4]/android.view.ViewGroup/android.view.ViewGroup}]
Capabilities {appium:automationName: UIAutomator2, appium:databaseEnabled: false, appium:desired: {automationName: UIAutomator2, deviceName: intellier-tab, platformName: ANDROID}, appium:deviceApiLevel: 28, appium:deviceManufacturer: Google, appium:deviceModel: AOSP on IA Emulator, appium:deviceName: emulator-5554, appium:deviceScreenDensity: 320, appium:deviceScreenSize: 2560x1600, appium:deviceUDID: emulator-5554, appium:javascriptEnabled: true, appium:locationContextEnabled: false, appium:networkConnectionEnabled: true, appium:pixelRatio: 2, appium:platformVersion: 9, appium:statBarHeight: 48, appium:takesScreenshot: true, appium:viewportRect: {height: 1552, left: 0, top: 48, width: 2560}, appium:warnings: {}, appium:webStorageEnabled: false, platformName: ANDROID}
Session ID: 26c8459f-c5f3-43a8-a738-8fb3897b2d64
at jdk.internal.reflect.GeneratedConstructorAccessor13.newInstance(Unknown Source)
at java.base/jdk.internal.reflect.DelegatingConstructorAccessorImpl.newInstance(DelegatingConstructorAccessorImpl.java:45)
at java.base/java.lang.reflect.Constructor.newInstanceWithCaller(Constructor.java:499)
at java.base/java.lang.reflect.Constructor.newInstance(Constructor.java:480)
at org.openqa.selenium.remote.codec.w3c.W3CHttpResponseCodec.createException(W3CHttpResponseCodec.java:200)
at org.openqa.selenium.remote.codec.w3c.W3CHttpResponseCodec.decode(W3CHttpResponseCodec.java:133)
at org.openqa.selenium.remote.codec.w3c.W3CHttpResponseCodec.decode(W3CHttpResponseCodec.java:52)
at org.openqa.selenium.remote.HttpCommandExecutor.execute(HttpCommandExecutor.java:191)
at io.appium.java_client.remote.AppiumCommandExecutor.execute(AppiumCommandExecutor.java:238)
at org.openqa.selenium.remote.RemoteWebDriver.execute(RemoteWebDriver.java:523)
at org.openqa.selenium.remote.ElementLocation$ElementFinder$2.findElement(ElementLocation.java:165)
at org.openqa.selenium.remote.ElementLocation.findElement(ElementLocation.java:59)
at org.openqa.selenium.remote.RemoteWebDriver.findElement(RemoteWebDriver.java:360)
at org.openqa.selenium.remote.RemoteWebDriver.findElement(RemoteWebDriver.java:354)
at com.yeasin.appium_qms.utilities.QmsMain.undo_action(QmsMain.java:428)
at com.yeasin.appium_qms.utilities.QmsMain.alter_undo(QmsMain.java:459)
at com.yeasin.appium_qms.QmsOfflineNormal.alter_undo_test(QmsOfflineNormal.java:75)
at java.base/jdk.internal.reflect.NativeMethodAccessorImpl.invoke0(Native Method)
at java.base/jdk.internal.reflect.NativeMethodAccessorImpl.invoke(NativeMethodAccessorImpl.java:77)
at java.base/jdk.internal.reflect.DelegatingMethodAccessorImpl.invoke(DelegatingMethodAccessorImpl.java:43)
at java.base/java.lang.reflect.Method.invoke(Method.java:568)
at org.testng.internal.MethodInvocationHelper.invokeMethod(MethodInvocationHelper.java:133)
at org.testng.internal.TestInvoker.invokeMethod(TestInvoker.java:598)
at org.testng.internal.TestInvoker.invokeTestMethod(TestInvoker.java:173)
at org.testng.internal.MethodRunner.runInSequence(MethodRunner.java:46)
at org.testng.internal.TestInvoker$MethodInvocationAgent.invoke(TestInvoker.java:824)
at org.testng.internal.TestInvoker.invokeTestMethods(TestInvoker.java:146)
at org.testng.internal.TestMethodWorker.invokeTestMethods(TestMethodWorker.java:146)
at org.testng.internal.TestMethodWorker.run(TestMethodWorker.java:128)
at java.base/java.util.ArrayList.forEach(ArrayList.java:1511)
at org.testng.TestRunner.privateRun(TestRunner.java:794)
at org.testng.TestRunner.run(TestRunner.java:596)
at org.testng.SuiteRunner.runTest(SuiteRunner.java:377)
at org.testng.SuiteRunner.runSequentially(SuiteRunner.java:371)
at org.testng.SuiteRunner.privateRun(SuiteRunner.java:332)
at org.testng.SuiteRunner.run(SuiteRunner.java:276)
at org.testng.SuiteRunnerWorker.runSuite(SuiteRunnerWorker.java:53)
at org.testng.SuiteRunnerWorker.run(SuiteRunnerWorker.java:96)
at org.testng.TestNG.runSuitesSequentially(TestNG.java:1212)
at org.testng.TestNG.runSuitesLocally(TestNG.java:1134)
at org.testng.TestNG.runSuites(TestNG.java:1063)
at org.testng.TestNG.run(TestNG.java:1031)
at org.testng.remote.AbstractRemoteTestNG.run(AbstractRemoteTestNG.java:115)
at org.testng.remote.RemoteTestNG.initAndRun(RemoteTestNG.java:251)
at org.testng.remote.RemoteTestNG.main(RemoteTestNG.java:77)
]]>
            </full-stacktrace>
          </exception> <!-- org.openqa.selenium.NoSuchElementException -->
          <reporter-output>
          </reporter-output>
        </test-method> <!-- alter_undo_test -->
        <test-method signature="reject_action_test()[pri:10, instance:com.yeasin.appium_qms.QmsOfflineNormal@7d1cfb8b]" started-at="2024-05-23T15:55:11 BDT" name="reject_action_test" finished-at="2024-05-23T15:56:03 BDT" duration-ms="51726" status="PASS">
          <reporter-output>
          </reporter-output>
        </test-method> <!-- reject_action_test -->
        <test-method signature="reject_undo_test()[pri:10, instance:com.yeasin.appium_qms.QmsOfflineNormal@7d1cfb8b]" started-at="2024-05-23T15:56:03 BDT" name="reject_undo_test" finished-at="2024-05-23T15:57:05 BDT" duration-ms="62237" status="FAIL">
          <exception class="org.openqa.selenium.NoSuchElementException">
            <message>
              <![CDATA[An element could not be located on the page using the given search parameters.
For documentation on this error, please visit: https://www.selenium.dev/documentation/webdriver/troubleshooting/errors#no-such-element-exception
Build info: version: '4.16.1', revision: '9b4c83354e'
System info: os.name: 'Windows 10', os.arch: 'amd64', os.version: '10.0', java.version: '17.0.9'
Driver info: io.appium.java_client.android.AndroidDriver
Command: [26c8459f-c5f3-43a8-a738-8fb3897b2d64, findElement {using=xpath, value=//android.widget.FrameLayout[@resource-id="android:id/content"]/android.widget.FrameLayout/android.view.ViewGroup/android.view.ViewGroup/android.view.ViewGroup/android.view.ViewGroup/android.view.ViewGroup/android.view.ViewGroup/android.view.ViewGroup/android.view.ViewGroup/android.widget.FrameLayout/android.view.ViewGroup/android.view.ViewGroup/android.view.ViewGroup/android.view.ViewGroup/android.view.ViewGroup[1]/android.widget.FrameLayout/android.view.ViewGroup/android.view.ViewGroup/android.view.ViewGroup[2]/android.view.ViewGroup/android.view.ViewGroup/android.view.ViewGroup/android.view.ViewGroup[4]/android.view.ViewGroup/android.view.ViewGroup}]
Capabilities {appium:automationName: UIAutomator2, appium:databaseEnabled: false, appium:desired: {automationName: UIAutomator2, deviceName: intellier-tab, platformName: ANDROID}, appium:deviceApiLevel: 28, appium:deviceManufacturer: Google, appium:deviceModel: AOSP on IA Emulator, appium:deviceName: emulator-5554, appium:deviceScreenDensity: 320, appium:deviceScreenSize: 2560x1600, appium:deviceUDID: emulator-5554, appium:javascriptEnabled: true, appium:locationContextEnabled: false, appium:networkConnectionEnabled: true, appium:pixelRatio: 2, appium:platformVersion: 9, appium:statBarHeight: 48, appium:takesScreenshot: true, appium:viewportRect: {height: 1552, left: 0, top: 48, width: 2560}, appium:warnings: {}, appium:webStorageEnabled: false, platformName: ANDROID}
Session ID: 26c8459f-c5f3-43a8-a738-8fb3897b2d64]]>
            </message>
            <full-stacktrace>
              <![CDATA[org.openqa.selenium.NoSuchElementException: An element could not be located on the page using the given search parameters.
For documentation on this error, please visit: https://www.selenium.dev/documentation/webdriver/troubleshooting/errors#no-such-element-exception
Build info: version: '4.16.1', revision: '9b4c83354e'
System info: os.name: 'Windows 10', os.arch: 'amd64', os.version: '10.0', java.version: '17.0.9'
Driver info: io.appium.java_client.android.AndroidDriver
Command: [26c8459f-c5f3-43a8-a738-8fb3897b2d64, findElement {using=xpath, value=//android.widget.FrameLayout[@resource-id="android:id/content"]/android.widget.FrameLayout/android.view.ViewGroup/android.view.ViewGroup/android.view.ViewGroup/android.view.ViewGroup/android.view.ViewGroup/android.view.ViewGroup/android.view.ViewGroup/android.view.ViewGroup/android.widget.FrameLayout/android.view.ViewGroup/android.view.ViewGroup/android.view.ViewGroup/android.view.ViewGroup/android.view.ViewGroup[1]/android.widget.FrameLayout/android.view.ViewGroup/android.view.ViewGroup/android.view.ViewGroup[2]/android.view.ViewGroup/android.view.ViewGroup/android.view.ViewGroup/android.view.ViewGroup[4]/android.view.ViewGroup/android.view.ViewGroup}]
Capabilities {appium:automationName: UIAutomator2, appium:databaseEnabled: false, appium:desired: {automationName: UIAutomator2, deviceName: intellier-tab, platformName: ANDROID}, appium:deviceApiLevel: 28, appium:deviceManufacturer: Google, appium:deviceModel: AOSP on IA Emulator, appium:deviceName: emulator-5554, appium:deviceScreenDensity: 320, appium:deviceScreenSize: 2560x1600, appium:deviceUDID: emulator-5554, appium:javascriptEnabled: true, appium:locationContextEnabled: false, appium:networkConnectionEnabled: true, appium:pixelRatio: 2, appium:platformVersion: 9, appium:statBarHeight: 48, appium:takesScreenshot: true, appium:viewportRect: {height: 1552, left: 0, top: 48, width: 2560}, appium:warnings: {}, appium:webStorageEnabled: false, platformName: ANDROID}
Session ID: 26c8459f-c5f3-43a8-a738-8fb3897b2d64
at jdk.internal.reflect.GeneratedConstructorAccessor13.newInstance(Unknown Source)
at java.base/jdk.internal.reflect.DelegatingConstructorAccessorImpl.newInstance(DelegatingConstructorAccessorImpl.java:45)
at java.base/java.lang.reflect.Constructor.newInstanceWithCaller(Constructor.java:499)
at java.base/java.lang.reflect.Constructor.newInstance(Constructor.java:480)
at org.openqa.selenium.remote.codec.w3c.W3CHttpResponseCodec.createException(W3CHttpResponseCodec.java:200)
at org.openqa.selenium.remote.codec.w3c.W3CHttpResponseCodec.decode(W3CHttpResponseCodec.java:133)
at org.openqa.selenium.remote.codec.w3c.W3CHttpResponseCodec.decode(W3CHttpResponseCodec.java:52)
at org.openqa.selenium.remote.HttpCommandExecutor.execute(HttpCommandExecutor.java:191)
at io.appium.java_client.remote.AppiumCommandExecutor.execute(AppiumCommandExecutor.java:238)
at org.openqa.selenium.remote.RemoteWebDriver.execute(RemoteWebDriver.java:523)
at org.openqa.selenium.remote.ElementLocation$ElementFinder$2.findElement(ElementLocation.java:165)
at org.openqa.selenium.remote.ElementLocation.findElement(ElementLocation.java:59)
at org.openqa.selenium.remote.RemoteWebDriver.findElement(RemoteWebDriver.java:360)
at org.openqa.selenium.remote.RemoteWebDriver.findElement(RemoteWebDriver.java:354)
at com.yeasin.appium_qms.utilities.QmsMain.undo_action(QmsMain.java:428)
at com.yeasin.appium_qms.utilities.QmsMain.reject_undo(QmsMain.java:470)
at com.yeasin.appium_qms.QmsOfflineNormal.reject_undo_test(QmsOfflineNormal.java:82)
at java.base/jdk.internal.reflect.NativeMethodAccessorImpl.invoke0(Native Method)
at java.base/jdk.internal.reflect.NativeMethodAccessorImpl.invoke(NativeMethodAccessorImpl.java:77)
at java.base/jdk.internal.reflect.DelegatingMethodAccessorImpl.invoke(DelegatingMethodAccessorImpl.java:43)
at java.base/java.lang.reflect.Method.invoke(Method.java:568)
at org.testng.internal.MethodInvocationHelper.invokeMethod(MethodInvocationHelper.java:133)
at org.testng.internal.TestInvoker.invokeMethod(TestInvoker.java:598)
at org.testng.internal.TestInvoker.invokeTestMethod(TestInvoker.java:173)
at org.testng.internal.MethodRunner.runInSequence(MethodRunner.java:46)
at org.testng.internal.TestInvoker$MethodInvocationAgent.invoke(TestInvoker.java:824)
at org.testng.internal.TestInvoker.invokeTestMethods(TestInvoker.java:146)
at org.testng.internal.TestMethodWorker.invokeTestMethods(TestMethodWorker.java:146)
at org.testng.internal.TestMethodWorker.run(TestMethodWorker.java:128)
at java.base/java.util.ArrayList.forEach(ArrayList.java:1511)
at org.testng.TestRunner.privateRun(TestRunner.java:794)
at org.testng.TestRunner.run(TestRunner.java:596)
at org.testng.SuiteRunner.runTest(SuiteRunner.java:377)
at org.testng.SuiteRunner.runSequentially(SuiteRunner.java:371)
at org.testng.SuiteRunner.privateRun(SuiteRunner.java:332)
at org.testng.SuiteRunner.run(SuiteRunner.java:276)
at org.testng.SuiteRunnerWorker.runSuite(SuiteRunnerWorker.java:53)
at org.testng.SuiteRunnerWorker.run(SuiteRunnerWorker.java:96)
at org.testng.TestNG.runSuitesSequentially(TestNG.java:1212)
at org.testng.TestNG.runSuitesLocally(TestNG.java:1134)
at org.testng.TestNG.runSuites(TestNG.java:1063)
at org.testng.TestNG.run(TestNG.java:1031)
at org.testng.remote.AbstractRemoteTestNG.run(AbstractRemoteTestNG.java:115)
at org.testng.remote.RemoteTestNG.initAndRun(RemoteTestNG.java:251)
at org.testng.remote.RemoteTestNG.main(RemoteTestNG.java:77)
]]>
            </full-stacktrace>
          </exception> <!-- org.openqa.selenium.NoSuchElementException -->
          <reporter-output>
          </reporter-output>
        </test-method> <!-- reject_undo_test -->
        <test-method signature="force_sync_test()[pri:11, instance:com.yeasin.appium_qms.QmsOfflineNormal@7d1cfb8b]" started-at="2024-05-23T15:57:05 BDT" name="force_sync_test" finished-at="2024-05-23T15:57:17 BDT" duration-ms="11386" status="PASS">
          <reporter-output>
          </reporter-output>
        </test-method> <!-- force_sync_test -->
        <test-method is-config="true" signature="log_out_test()[pri:0, instance:com.yeasin.appium_qms.QmsOfflineNormal@7d1cfb8b]" started-at="2024-05-23T15:57:17 BDT" name="log_out_test" finished-at="2024-05-23T15:57:28 BDT" duration-ms="11802" status="PASS">
          <reporter-output>
          </reporter-output>
        </test-method> <!-- log_out_test -->
      </class> <!-- com.yeasin.appium_qms.QmsOfflineNormal -->
    </test> <!-- QMS Offline Normal Test -->
    <test started-at="2024-05-23T15:57:29 BDT" name="QMS Offline Repair Test" finished-at="2024-05-23T16:04:35 BDT" duration-ms="426288">
      <class name="com.yeasin.appium_qms.QmsOfflineRepair">
        <test-method is-config="true" signature="set_up_test()[pri:0, instance:com.yeasin.appium_qms.QmsOfflineRepair@34f22f9d]" started-at="2024-05-23T15:45:41 BDT" name="set_up_test" finished-at="2024-05-23T15:46:13 BDT" duration-ms="32199" status="PASS">
          <reporter-output>
          </reporter-output>
        </test-method> <!-- set_up_test -->
        <test-method is-config="true" signature="log_in_test()[pri:0, instance:com.yeasin.appium_qms.QmsOfflineRepair@34f22f9d]" started-at="2024-05-23T15:57:29 BDT" name="log_in_test" finished-at="2024-05-23T15:57:30 BDT" duration-ms="1664" status="PASS">
          <reporter-output>
          </reporter-output>
        </test-method> <!-- log_in_test -->
        <test-method signature="expand_side_menu_test()[pri:3, instance:com.yeasin.appium_qms.QmsOfflineRepair@34f22f9d]" started-at="2024-05-23T15:57:30 BDT" name="expand_side_menu_test" finished-at="2024-05-23T15:57:37 BDT" duration-ms="7095" status="PASS">
          <reporter-output>
          </reporter-output>
        </test-method> <!-- expand_side_menu_test -->
        <test-method signature="sync_web_test()[pri:4, instance:com.yeasin.appium_qms.QmsOfflineRepair@34f22f9d]" started-at="2024-05-23T15:57:37 BDT" name="sync_web_test" finished-at="2024-05-23T15:57:37 BDT" duration-ms="63" status="PASS">
          <reporter-output>
          </reporter-output>
        </test-method> <!-- sync_web_test -->
        <test-method signature="set_lid_test()[pri:5, instance:com.yeasin.appium_qms.QmsOfflineRepair@34f22f9d]" started-at="2024-05-23T15:57:37 BDT" name="set_lid_test" finished-at="2024-05-23T15:57:48 BDT" duration-ms="10376" status="PASS">
          <reporter-output>
          </reporter-output>
        </test-method> <!-- set_lid_test -->
        <test-method signature="set_bso_test()[pri:6, instance:com.yeasin.appium_qms.QmsOfflineRepair@34f22f9d]" started-at="2024-05-23T15:57:48 BDT" name="set_bso_test" finished-at="2024-05-23T15:57:53 BDT" duration-ms="5082" status="PASS">
          <reporter-output>
          </reporter-output>
        </test-method> <!-- set_bso_test -->
        <test-method signature="choose_variance_test()[pri:7, instance:com.yeasin.appium_qms.QmsOfflineRepair@34f22f9d]" started-at="2024-05-23T15:57:53 BDT" name="choose_variance_test" finished-at="2024-05-23T15:57:58 BDT" duration-ms="5616" status="PASS">
          <reporter-output>
          </reporter-output>
        </test-method> <!-- choose_variance_test -->
        <test-method signature="repair_mode_on_test()[pri:8, instance:com.yeasin.appium_qms.QmsOfflineRepair@34f22f9d]" started-at="2024-05-23T15:57:58 BDT" name="repair_mode_on_test" finished-at="2024-05-23T15:58:01 BDT" duration-ms="2602" status="PASS">
          <reporter-output>
          </reporter-output>
        </test-method> <!-- repair_mode_on_test -->
        <test-method signature="pass_action_test()[pri:9, instance:com.yeasin.appium_qms.QmsOfflineRepair@34f22f9d]" started-at="2024-05-23T15:58:01 BDT" name="pass_action_test" finished-at="2024-05-23T15:58:45 BDT" duration-ms="44327" status="PASS">
          <reporter-output>
          </reporter-output>
        </test-method> <!-- pass_action_test -->
        <test-method signature="pass_undo_test()[pri:9, instance:com.yeasin.appium_qms.QmsOfflineRepair@34f22f9d]" started-at="2024-05-23T15:58:45 BDT" name="pass_undo_test" finished-at="2024-05-23T15:59:40 BDT" duration-ms="54436" status="FAIL">
          <exception class="org.openqa.selenium.NoSuchElementException">
            <message>
              <![CDATA[An element could not be located on the page using the given search parameters.
For documentation on this error, please visit: https://www.selenium.dev/documentation/webdriver/troubleshooting/errors#no-such-element-exception
Build info: version: '4.16.1', revision: '9b4c83354e'
System info: os.name: 'Windows 10', os.arch: 'amd64', os.version: '10.0', java.version: '17.0.9'
Driver info: io.appium.java_client.android.AndroidDriver
Command: [26c8459f-c5f3-43a8-a738-8fb3897b2d64, findElement {using=xpath, value=//android.widget.FrameLayout[@resource-id="android:id/content"]/android.widget.FrameLayout/android.view.ViewGroup/android.view.ViewGroup/android.view.ViewGroup/android.view.ViewGroup/android.view.ViewGroup/android.view.ViewGroup/android.view.ViewGroup/android.view.ViewGroup/android.widget.FrameLayout/android.view.ViewGroup/android.view.ViewGroup/android.view.ViewGroup/android.view.ViewGroup/android.view.ViewGroup[1]/android.widget.FrameLayout/android.view.ViewGroup/android.view.ViewGroup/android.view.ViewGroup[2]/android.view.ViewGroup/android.view.ViewGroup/android.view.ViewGroup/android.view.ViewGroup[4]/android.view.ViewGroup/android.view.ViewGroup}]
Capabilities {appium:automationName: UIAutomator2, appium:databaseEnabled: false, appium:desired: {automationName: UIAutomator2, deviceName: intellier-tab, platformName: ANDROID}, appium:deviceApiLevel: 28, appium:deviceManufacturer: Google, appium:deviceModel: AOSP on IA Emulator, appium:deviceName: emulator-5554, appium:deviceScreenDensity: 320, appium:deviceScreenSize: 2560x1600, appium:deviceUDID: emulator-5554, appium:javascriptEnabled: true, appium:locationContextEnabled: false, appium:networkConnectionEnabled: true, appium:pixelRatio: 2, appium:platformVersion: 9, appium:statBarHeight: 48, appium:takesScreenshot: true, appium:viewportRect: {height: 1552, left: 0, top: 48, width: 2560}, appium:warnings: {}, appium:webStorageEnabled: false, platformName: ANDROID}
Session ID: 26c8459f-c5f3-43a8-a738-8fb3897b2d64]]>
            </message>
            <full-stacktrace>
              <![CDATA[org.openqa.selenium.NoSuchElementException: An element could not be located on the page using the given search parameters.
For documentation on this error, please visit: https://www.selenium.dev/documentation/webdriver/troubleshooting/errors#no-such-element-exception
Build info: version: '4.16.1', revision: '9b4c83354e'
System info: os.name: 'Windows 10', os.arch: 'amd64', os.version: '10.0', java.version: '17.0.9'
Driver info: io.appium.java_client.android.AndroidDriver
Command: [26c8459f-c5f3-43a8-a738-8fb3897b2d64, findElement {using=xpath, value=//android.widget.FrameLayout[@resource-id="android:id/content"]/android.widget.FrameLayout/android.view.ViewGroup/android.view.ViewGroup/android.view.ViewGroup/android.view.ViewGroup/android.view.ViewGroup/android.view.ViewGroup/android.view.ViewGroup/android.view.ViewGroup/android.widget.FrameLayout/android.view.ViewGroup/android.view.ViewGroup/android.view.ViewGroup/android.view.ViewGroup/android.view.ViewGroup[1]/android.widget.FrameLayout/android.view.ViewGroup/android.view.ViewGroup/android.view.ViewGroup[2]/android.view.ViewGroup/android.view.ViewGroup/android.view.ViewGroup/android.view.ViewGroup[4]/android.view.ViewGroup/android.view.ViewGroup}]
Capabilities {appium:automationName: UIAutomator2, appium:databaseEnabled: false, appium:desired: {automationName: UIAutomator2, deviceName: intellier-tab, platformName: ANDROID}, appium:deviceApiLevel: 28, appium:deviceManufacturer: Google, appium:deviceModel: AOSP on IA Emulator, appium:deviceName: emulator-5554, appium:deviceScreenDensity: 320, appium:deviceScreenSize: 2560x1600, appium:deviceUDID: emulator-5554, appium:javascriptEnabled: true, appium:locationContextEnabled: false, appium:networkConnectionEnabled: true, appium:pixelRatio: 2, appium:platformVersion: 9, appium:statBarHeight: 48, appium:takesScreenshot: true, appium:viewportRect: {height: 1552, left: 0, top: 48, width: 2560}, appium:warnings: {}, appium:webStorageEnabled: false, platformName: ANDROID}
Session ID: 26c8459f-c5f3-43a8-a738-8fb3897b2d64
at jdk.internal.reflect.GeneratedConstructorAccessor13.newInstance(Unknown Source)
at java.base/jdk.internal.reflect.DelegatingConstructorAccessorImpl.newInstance(DelegatingConstructorAccessorImpl.java:45)
at java.base/java.lang.reflect.Constructor.newInstanceWithCaller(Constructor.java:499)
at java.base/java.lang.reflect.Constructor.newInstance(Constructor.java:480)
at org.openqa.selenium.remote.codec.w3c.W3CHttpResponseCodec.createException(W3CHttpResponseCodec.java:200)
at org.openqa.selenium.remote.codec.w3c.W3CHttpResponseCodec.decode(W3CHttpResponseCodec.java:133)
at org.openqa.selenium.remote.codec.w3c.W3CHttpResponseCodec.decode(W3CHttpResponseCodec.java:52)
at org.openqa.selenium.remote.HttpCommandExecutor.execute(HttpCommandExecutor.java:191)
at io.appium.java_client.remote.AppiumCommandExecutor.execute(AppiumCommandExecutor.java:238)
at org.openqa.selenium.remote.RemoteWebDriver.execute(RemoteWebDriver.java:523)
at org.openqa.selenium.remote.ElementLocation$ElementFinder$2.findElement(ElementLocation.java:165)
at org.openqa.selenium.remote.ElementLocation.findElement(ElementLocation.java:59)
at org.openqa.selenium.remote.RemoteWebDriver.findElement(RemoteWebDriver.java:360)
at org.openqa.selenium.remote.RemoteWebDriver.findElement(RemoteWebDriver.java:354)
at com.yeasin.appium_qms.utilities.QmsMain.undo_action(QmsMain.java:428)
at com.yeasin.appium_qms.utilities.QmsMain.pass_undo(QmsMain.java:448)
at com.yeasin.appium_qms.QmsOfflineRepair.pass_undo_test(QmsOfflineRepair.java:73)
at java.base/jdk.internal.reflect.NativeMethodAccessorImpl.invoke0(Native Method)
at java.base/jdk.internal.reflect.NativeMethodAccessorImpl.invoke(NativeMethodAccessorImpl.java:77)
at java.base/jdk.internal.reflect.DelegatingMethodAccessorImpl.invoke(DelegatingMethodAccessorImpl.java:43)
at java.base/java.lang.reflect.Method.invoke(Method.java:568)
at org.testng.internal.MethodInvocationHelper.invokeMethod(MethodInvocationHelper.java:133)
at org.testng.internal.TestInvoker.invokeMethod(TestInvoker.java:598)
at org.testng.internal.TestInvoker.invokeTestMethod(TestInvoker.java:173)
at org.testng.internal.MethodRunner.runInSequence(MethodRunner.java:46)
at org.testng.internal.TestInvoker$MethodInvocationAgent.invoke(TestInvoker.java:824)
at org.testng.internal.TestInvoker.invokeTestMethods(TestInvoker.java:146)
at org.testng.internal.TestMethodWorker.invokeTestMethods(TestMethodWorker.java:146)
at org.testng.internal.TestMethodWorker.run(TestMethodWorker.java:128)
at java.base/java.util.ArrayList.forEach(ArrayList.java:1511)
at org.testng.TestRunner.privateRun(TestRunner.java:794)
at org.testng.TestRunner.run(TestRunner.java:596)
at org.testng.SuiteRunner.runTest(SuiteRunner.java:377)
at org.testng.SuiteRunner.runSequentially(SuiteRunner.java:371)
at org.testng.SuiteRunner.privateRun(SuiteRunner.java:332)
at org.testng.SuiteRunner.run(SuiteRunner.java:276)
at org.testng.SuiteRunnerWorker.runSuite(SuiteRunnerWorker.java:53)
at org.testng.SuiteRunnerWorker.run(SuiteRunnerWorker.java:96)
at org.testng.TestNG.runSuitesSequentially(TestNG.java:1212)
at org.testng.TestNG.runSuitesLocally(TestNG.java:1134)
at org.testng.TestNG.runSuites(TestNG.java:1063)
at org.testng.TestNG.run(TestNG.java:1031)
at org.testng.remote.AbstractRemoteTestNG.run(AbstractRemoteTestNG.java:115)
at org.testng.remote.RemoteTestNG.initAndRun(RemoteTestNG.java:251)
at org.testng.remote.RemoteTestNG.main(RemoteTestNG.java:77)
]]>
            </full-stacktrace>
          </exception> <!-- org.openqa.selenium.NoSuchElementException -->
          <reporter-output>
          </reporter-output>
        </test-method> <!-- pass_undo_test -->
        <test-method signature="alter_action_test()[pri:10, instance:com.yeasin.appium_qms.QmsOfflineRepair@34f22f9d]" started-at="2024-05-23T15:59:40 BDT" name="alter_action_test" finished-at="2024-05-23T16:00:32 BDT" duration-ms="52458" status="PASS">
          <reporter-output>
          </reporter-output>
        </test-method> <!-- alter_action_test -->
        <test-method signature="alter_undo_test()[pri:10, instance:com.yeasin.appium_qms.QmsOfflineRepair@34f22f9d]" started-at="2024-05-23T16:00:32 BDT" name="alter_undo_test" finished-at="2024-05-23T16:01:35 BDT" duration-ms="62679" status="FAIL">
          <exception class="org.openqa.selenium.NoSuchElementException">
            <message>
              <![CDATA[An element could not be located on the page using the given search parameters.
For documentation on this error, please visit: https://www.selenium.dev/documentation/webdriver/troubleshooting/errors#no-such-element-exception
Build info: version: '4.16.1', revision: '9b4c83354e'
System info: os.name: 'Windows 10', os.arch: 'amd64', os.version: '10.0', java.version: '17.0.9'
Driver info: io.appium.java_client.android.AndroidDriver
Command: [26c8459f-c5f3-43a8-a738-8fb3897b2d64, findElement {using=xpath, value=//android.widget.FrameLayout[@resource-id="android:id/content"]/android.widget.FrameLayout/android.view.ViewGroup/android.view.ViewGroup/android.view.ViewGroup/android.view.ViewGroup/android.view.ViewGroup/android.view.ViewGroup/android.view.ViewGroup/android.view.ViewGroup/android.widget.FrameLayout/android.view.ViewGroup/android.view.ViewGroup/android.view.ViewGroup/android.view.ViewGroup/android.view.ViewGroup[1]/android.widget.FrameLayout/android.view.ViewGroup/android.view.ViewGroup/android.view.ViewGroup[2]/android.view.ViewGroup/android.view.ViewGroup/android.view.ViewGroup/android.view.ViewGroup[4]/android.view.ViewGroup/android.view.ViewGroup}]
Capabilities {appium:automationName: UIAutomator2, appium:databaseEnabled: false, appium:desired: {automationName: UIAutomator2, deviceName: intellier-tab, platformName: ANDROID}, appium:deviceApiLevel: 28, appium:deviceManufacturer: Google, appium:deviceModel: AOSP on IA Emulator, appium:deviceName: emulator-5554, appium:deviceScreenDensity: 320, appium:deviceScreenSize: 2560x1600, appium:deviceUDID: emulator-5554, appium:javascriptEnabled: true, appium:locationContextEnabled: false, appium:networkConnectionEnabled: true, appium:pixelRatio: 2, appium:platformVersion: 9, appium:statBarHeight: 48, appium:takesScreenshot: true, appium:viewportRect: {height: 1552, left: 0, top: 48, width: 2560}, appium:warnings: {}, appium:webStorageEnabled: false, platformName: ANDROID}
Session ID: 26c8459f-c5f3-43a8-a738-8fb3897b2d64]]>
            </message>
            <full-stacktrace>
              <![CDATA[org.openqa.selenium.NoSuchElementException: An element could not be located on the page using the given search parameters.
For documentation on this error, please visit: https://www.selenium.dev/documentation/webdriver/troubleshooting/errors#no-such-element-exception
Build info: version: '4.16.1', revision: '9b4c83354e'
System info: os.name: 'Windows 10', os.arch: 'amd64', os.version: '10.0', java.version: '17.0.9'
Driver info: io.appium.java_client.android.AndroidDriver
Command: [26c8459f-c5f3-43a8-a738-8fb3897b2d64, findElement {using=xpath, value=//android.widget.FrameLayout[@resource-id="android:id/content"]/android.widget.FrameLayout/android.view.ViewGroup/android.view.ViewGroup/android.view.ViewGroup/android.view.ViewGroup/android.view.ViewGroup/android.view.ViewGroup/android.view.ViewGroup/android.view.ViewGroup/android.widget.FrameLayout/android.view.ViewGroup/android.view.ViewGroup/android.view.ViewGroup/android.view.ViewGroup/android.view.ViewGroup[1]/android.widget.FrameLayout/android.view.ViewGroup/android.view.ViewGroup/android.view.ViewGroup[2]/android.view.ViewGroup/android.view.ViewGroup/android.view.ViewGroup/android.view.ViewGroup[4]/android.view.ViewGroup/android.view.ViewGroup}]
Capabilities {appium:automationName: UIAutomator2, appium:databaseEnabled: false, appium:desired: {automationName: UIAutomator2, deviceName: intellier-tab, platformName: ANDROID}, appium:deviceApiLevel: 28, appium:deviceManufacturer: Google, appium:deviceModel: AOSP on IA Emulator, appium:deviceName: emulator-5554, appium:deviceScreenDensity: 320, appium:deviceScreenSize: 2560x1600, appium:deviceUDID: emulator-5554, appium:javascriptEnabled: true, appium:locationContextEnabled: false, appium:networkConnectionEnabled: true, appium:pixelRatio: 2, appium:platformVersion: 9, appium:statBarHeight: 48, appium:takesScreenshot: true, appium:viewportRect: {height: 1552, left: 0, top: 48, width: 2560}, appium:warnings: {}, appium:webStorageEnabled: false, platformName: ANDROID}
Session ID: 26c8459f-c5f3-43a8-a738-8fb3897b2d64
at jdk.internal.reflect.GeneratedConstructorAccessor13.newInstance(Unknown Source)
at java.base/jdk.internal.reflect.DelegatingConstructorAccessorImpl.newInstance(DelegatingConstructorAccessorImpl.java:45)
at java.base/java.lang.reflect.Constructor.newInstanceWithCaller(Constructor.java:499)
at java.base/java.lang.reflect.Constructor.newInstance(Constructor.java:480)
at org.openqa.selenium.remote.codec.w3c.W3CHttpResponseCodec.createException(W3CHttpResponseCodec.java:200)
at org.openqa.selenium.remote.codec.w3c.W3CHttpResponseCodec.decode(W3CHttpResponseCodec.java:133)
at org.openqa.selenium.remote.codec.w3c.W3CHttpResponseCodec.decode(W3CHttpResponseCodec.java:52)
at org.openqa.selenium.remote.HttpCommandExecutor.execute(HttpCommandExecutor.java:191)
at io.appium.java_client.remote.AppiumCommandExecutor.execute(AppiumCommandExecutor.java:238)
at org.openqa.selenium.remote.RemoteWebDriver.execute(RemoteWebDriver.java:523)
at org.openqa.selenium.remote.ElementLocation$ElementFinder$2.findElement(ElementLocation.java:165)
at org.openqa.selenium.remote.ElementLocation.findElement(ElementLocation.java:59)
at org.openqa.selenium.remote.RemoteWebDriver.findElement(RemoteWebDriver.java:360)
at org.openqa.selenium.remote.RemoteWebDriver.findElement(RemoteWebDriver.java:354)
at com.yeasin.appium_qms.utilities.QmsMain.undo_action(QmsMain.java:428)
at com.yeasin.appium_qms.utilities.QmsMain.alter_undo(QmsMain.java:459)
at com.yeasin.appium_qms.QmsOfflineRepair.alter_undo_test(QmsOfflineRepair.java:80)
at java.base/jdk.internal.reflect.NativeMethodAccessorImpl.invoke0(Native Method)
at java.base/jdk.internal.reflect.NativeMethodAccessorImpl.invoke(NativeMethodAccessorImpl.java:77)
at java.base/jdk.internal.reflect.DelegatingMethodAccessorImpl.invoke(DelegatingMethodAccessorImpl.java:43)
at java.base/java.lang.reflect.Method.invoke(Method.java:568)
at org.testng.internal.MethodInvocationHelper.invokeMethod(MethodInvocationHelper.java:133)
at org.testng.internal.TestInvoker.invokeMethod(TestInvoker.java:598)
at org.testng.internal.TestInvoker.invokeTestMethod(TestInvoker.java:173)
at org.testng.internal.MethodRunner.runInSequence(MethodRunner.java:46)
at org.testng.internal.TestInvoker$MethodInvocationAgent.invoke(TestInvoker.java:824)
at org.testng.internal.TestInvoker.invokeTestMethods(TestInvoker.java:146)
at org.testng.internal.TestMethodWorker.invokeTestMethods(TestMethodWorker.java:146)
at org.testng.internal.TestMethodWorker.run(TestMethodWorker.java:128)
at java.base/java.util.ArrayList.forEach(ArrayList.java:1511)
at org.testng.TestRunner.privateRun(TestRunner.java:794)
at org.testng.TestRunner.run(TestRunner.java:596)
at org.testng.SuiteRunner.runTest(SuiteRunner.java:377)
at org.testng.SuiteRunner.runSequentially(SuiteRunner.java:371)
at org.testng.SuiteRunner.privateRun(SuiteRunner.java:332)
at org.testng.SuiteRunner.run(SuiteRunner.java:276)
at org.testng.SuiteRunnerWorker.runSuite(SuiteRunnerWorker.java:53)
at org.testng.SuiteRunnerWorker.run(SuiteRunnerWorker.java:96)
at org.testng.TestNG.runSuitesSequentially(TestNG.java:1212)
at org.testng.TestNG.runSuitesLocally(TestNG.java:1134)
at org.testng.TestNG.runSuites(TestNG.java:1063)
at org.testng.TestNG.run(TestNG.java:1031)
at org.testng.remote.AbstractRemoteTestNG.run(AbstractRemoteTestNG.java:115)
at org.testng.remote.RemoteTestNG.initAndRun(RemoteTestNG.java:251)
at org.testng.remote.RemoteTestNG.main(RemoteTestNG.java:77)
]]>
            </full-stacktrace>
          </exception> <!-- org.openqa.selenium.NoSuchElementException -->
          <reporter-output>
          </reporter-output>
        </test-method> <!-- alter_undo_test -->
        <test-method signature="reject_action_test()[pri:11, instance:com.yeasin.appium_qms.QmsOfflineRepair@34f22f9d]" started-at="2024-05-23T16:01:35 BDT" name="reject_action_test" finished-at="2024-05-23T16:02:27 BDT" duration-ms="52526" status="PASS">
          <reporter-output>
          </reporter-output>
        </test-method> <!-- reject_action_test -->
        <test-method signature="reject_undo_test()[pri:11, instance:com.yeasin.appium_qms.QmsOfflineRepair@34f22f9d]" started-at="2024-05-23T16:02:27 BDT" name="reject_undo_test" finished-at="2024-05-23T16:03:30 BDT" duration-ms="62135" status="FAIL">
          <exception class="org.openqa.selenium.NoSuchElementException">
            <message>
              <![CDATA[An element could not be located on the page using the given search parameters.
For documentation on this error, please visit: https://www.selenium.dev/documentation/webdriver/troubleshooting/errors#no-such-element-exception
Build info: version: '4.16.1', revision: '9b4c83354e'
System info: os.name: 'Windows 10', os.arch: 'amd64', os.version: '10.0', java.version: '17.0.9'
Driver info: io.appium.java_client.android.AndroidDriver
Command: [26c8459f-c5f3-43a8-a738-8fb3897b2d64, findElement {using=xpath, value=//android.widget.FrameLayout[@resource-id="android:id/content"]/android.widget.FrameLayout/android.view.ViewGroup/android.view.ViewGroup/android.view.ViewGroup/android.view.ViewGroup/android.view.ViewGroup/android.view.ViewGroup/android.view.ViewGroup/android.view.ViewGroup/android.widget.FrameLayout/android.view.ViewGroup/android.view.ViewGroup/android.view.ViewGroup/android.view.ViewGroup/android.view.ViewGroup[1]/android.widget.FrameLayout/android.view.ViewGroup/android.view.ViewGroup/android.view.ViewGroup[2]/android.view.ViewGroup/android.view.ViewGroup/android.view.ViewGroup/android.view.ViewGroup[4]/android.view.ViewGroup/android.view.ViewGroup}]
Capabilities {appium:automationName: UIAutomator2, appium:databaseEnabled: false, appium:desired: {automationName: UIAutomator2, deviceName: intellier-tab, platformName: ANDROID}, appium:deviceApiLevel: 28, appium:deviceManufacturer: Google, appium:deviceModel: AOSP on IA Emulator, appium:deviceName: emulator-5554, appium:deviceScreenDensity: 320, appium:deviceScreenSize: 2560x1600, appium:deviceUDID: emulator-5554, appium:javascriptEnabled: true, appium:locationContextEnabled: false, appium:networkConnectionEnabled: true, appium:pixelRatio: 2, appium:platformVersion: 9, appium:statBarHeight: 48, appium:takesScreenshot: true, appium:viewportRect: {height: 1552, left: 0, top: 48, width: 2560}, appium:warnings: {}, appium:webStorageEnabled: false, platformName: ANDROID}
Session ID: 26c8459f-c5f3-43a8-a738-8fb3897b2d64]]>
            </message>
            <full-stacktrace>
              <![CDATA[org.openqa.selenium.NoSuchElementException: An element could not be located on the page using the given search parameters.
For documentation on this error, please visit: https://www.selenium.dev/documentation/webdriver/troubleshooting/errors#no-such-element-exception
Build info: version: '4.16.1', revision: '9b4c83354e'
System info: os.name: 'Windows 10', os.arch: 'amd64', os.version: '10.0', java.version: '17.0.9'
Driver info: io.appium.java_client.android.AndroidDriver
Command: [26c8459f-c5f3-43a8-a738-8fb3897b2d64, findElement {using=xpath, value=//android.widget.FrameLayout[@resource-id="android:id/content"]/android.widget.FrameLayout/android.view.ViewGroup/android.view.ViewGroup/android.view.ViewGroup/android.view.ViewGroup/android.view.ViewGroup/android.view.ViewGroup/android.view.ViewGroup/android.view.ViewGroup/android.widget.FrameLayout/android.view.ViewGroup/android.view.ViewGroup/android.view.ViewGroup/android.view.ViewGroup/android.view.ViewGroup[1]/android.widget.FrameLayout/android.view.ViewGroup/android.view.ViewGroup/android.view.ViewGroup[2]/android.view.ViewGroup/android.view.ViewGroup/android.view.ViewGroup/android.view.ViewGroup[4]/android.view.ViewGroup/android.view.ViewGroup}]
Capabilities {appium:automationName: UIAutomator2, appium:databaseEnabled: false, appium:desired: {automationName: UIAutomator2, deviceName: intellier-tab, platformName: ANDROID}, appium:deviceApiLevel: 28, appium:deviceManufacturer: Google, appium:deviceModel: AOSP on IA Emulator, appium:deviceName: emulator-5554, appium:deviceScreenDensity: 320, appium:deviceScreenSize: 2560x1600, appium:deviceUDID: emulator-5554, appium:javascriptEnabled: true, appium:locationContextEnabled: false, appium:networkConnectionEnabled: true, appium:pixelRatio: 2, appium:platformVersion: 9, appium:statBarHeight: 48, appium:takesScreenshot: true, appium:viewportRect: {height: 1552, left: 0, top: 48, width: 2560}, appium:warnings: {}, appium:webStorageEnabled: false, platformName: ANDROID}
Session ID: 26c8459f-c5f3-43a8-a738-8fb3897b2d64
at jdk.internal.reflect.GeneratedConstructorAccessor13.newInstance(Unknown Source)
at java.base/jdk.internal.reflect.DelegatingConstructorAccessorImpl.newInstance(DelegatingConstructorAccessorImpl.java:45)
at java.base/java.lang.reflect.Constructor.newInstanceWithCaller(Constructor.java:499)
at java.base/java.lang.reflect.Constructor.newInstance(Constructor.java:480)
at org.openqa.selenium.remote.codec.w3c.W3CHttpResponseCodec.createException(W3CHttpResponseCodec.java:200)
at org.openqa.selenium.remote.codec.w3c.W3CHttpResponseCodec.decode(W3CHttpResponseCodec.java:133)
at org.openqa.selenium.remote.codec.w3c.W3CHttpResponseCodec.decode(W3CHttpResponseCodec.java:52)
at org.openqa.selenium.remote.HttpCommandExecutor.execute(HttpCommandExecutor.java:191)
at io.appium.java_client.remote.AppiumCommandExecutor.execute(AppiumCommandExecutor.java:238)
at org.openqa.selenium.remote.RemoteWebDriver.execute(RemoteWebDriver.java:523)
at org.openqa.selenium.remote.ElementLocation$ElementFinder$2.findElement(ElementLocation.java:165)
at org.openqa.selenium.remote.ElementLocation.findElement(ElementLocation.java:59)
at org.openqa.selenium.remote.RemoteWebDriver.findElement(RemoteWebDriver.java:360)
at org.openqa.selenium.remote.RemoteWebDriver.findElement(RemoteWebDriver.java:354)
at com.yeasin.appium_qms.utilities.QmsMain.undo_action(QmsMain.java:428)
at com.yeasin.appium_qms.utilities.QmsMain.reject_undo(QmsMain.java:470)
at com.yeasin.appium_qms.QmsOfflineRepair.reject_undo_test(QmsOfflineRepair.java:87)
at java.base/jdk.internal.reflect.NativeMethodAccessorImpl.invoke0(Native Method)
at java.base/jdk.internal.reflect.NativeMethodAccessorImpl.invoke(NativeMethodAccessorImpl.java:77)
at java.base/jdk.internal.reflect.DelegatingMethodAccessorImpl.invoke(DelegatingMethodAccessorImpl.java:43)
at java.base/java.lang.reflect.Method.invoke(Method.java:568)
at org.testng.internal.MethodInvocationHelper.invokeMethod(MethodInvocationHelper.java:133)
at org.testng.internal.TestInvoker.invokeMethod(TestInvoker.java:598)
at org.testng.internal.TestInvoker.invokeTestMethod(TestInvoker.java:173)
at org.testng.internal.MethodRunner.runInSequence(MethodRunner.java:46)
at org.testng.internal.TestInvoker$MethodInvocationAgent.invoke(TestInvoker.java:824)
at org.testng.internal.TestInvoker.invokeTestMethods(TestInvoker.java:146)
at org.testng.internal.TestMethodWorker.invokeTestMethods(TestMethodWorker.java:146)
at org.testng.internal.TestMethodWorker.run(TestMethodWorker.java:128)
at java.base/java.util.ArrayList.forEach(ArrayList.java:1511)
at org.testng.TestRunner.privateRun(TestRunner.java:794)
at org.testng.TestRunner.run(TestRunner.java:596)
at org.testng.SuiteRunner.runTest(SuiteRunner.java:377)
at org.testng.SuiteRunner.runSequentially(SuiteRunner.java:371)
at org.testng.SuiteRunner.privateRun(SuiteRunner.java:332)
at org.testng.SuiteRunner.run(SuiteRunner.java:276)
at org.testng.SuiteRunnerWorker.runSuite(SuiteRunnerWorker.java:53)
at org.testng.SuiteRunnerWorker.run(SuiteRunnerWorker.java:96)
at org.testng.TestNG.runSuitesSequentially(TestNG.java:1212)
at org.testng.TestNG.runSuitesLocally(TestNG.java:1134)
at org.testng.TestNG.runSuites(TestNG.java:1063)
at org.testng.TestNG.run(TestNG.java:1031)
at org.testng.remote.AbstractRemoteTestNG.run(AbstractRemoteTestNG.java:115)
at org.testng.remote.RemoteTestNG.initAndRun(RemoteTestNG.java:251)
at org.testng.remote.RemoteTestNG.main(RemoteTestNG.java:77)
]]>
            </full-stacktrace>
          </exception> <!-- org.openqa.selenium.NoSuchElementException -->
          <reporter-output>
          </reporter-output>
        </test-method> <!-- reject_undo_test -->
        <test-method signature="repair_mode_off_test()[pri:12, instance:com.yeasin.appium_qms.QmsOfflineRepair@34f22f9d]" started-at="2024-05-23T16:03:30 BDT" name="repair_mode_off_test" finished-at="2024-05-23T16:04:12 BDT" duration-ms="42395" status="PASS">
          <reporter-output>
          </reporter-output>
        </test-method> <!-- repair_mode_off_test -->
        <test-method signature="force_sync_test()[pri:13, instance:com.yeasin.appium_qms.QmsOfflineRepair@34f22f9d]" started-at="2024-05-23T16:04:12 BDT" name="force_sync_test" finished-at="2024-05-23T16:04:23 BDT" duration-ms="11061" status="PASS">
          <reporter-output>
          </reporter-output>
        </test-method> <!-- force_sync_test -->
        <test-method is-config="true" signature="log_out_test()[pri:0, instance:com.yeasin.appium_qms.QmsOfflineRepair@34f22f9d]" started-at="2024-05-23T16:04:23 BDT" name="log_out_test" finished-at="2024-05-23T16:04:35 BDT" duration-ms="11759" status="PASS">
          <reporter-output>
          </reporter-output>
        </test-method> <!-- log_out_test -->
        <test-method is-config="true" signature="close_down_test()[pri:0, instance:com.yeasin.appium_qms.QmsOfflineRepair@34f22f9d]" started-at="2024-05-23T16:04:35 BDT" name="close_down_test" finished-at="2024-05-23T16:04:41 BDT" duration-ms="5697" status="PASS">
          <reporter-output>
          </reporter-output>
        </test-method> <!-- close_down_test -->
      </class> <!-- com.yeasin.appium_qms.QmsOfflineRepair -->
    </test> <!-- QMS Offline Repair Test -->
  </suite> <!-- QMS Automation Suite -->
</testng-results>
