<?xml version="1.0" encoding="UTF-8"?>
<testng-results ignored="0" total="13" passed="13" failed="0" skipped="0">
  <reporter-output>
  </reporter-output>
  <suite started-at="2024-05-06T12:28:55 BDT" name="Default suite" finished-at="2024-05-06T12:30:52 BDT" duration-ms="117479">
    <groups>
    </groups>
    <test started-at="2024-05-06T12:28:55 BDT" name="Default test" finished-at="2024-05-06T12:30:52 BDT" duration-ms="117479">
      <class name="com.yeasin.appium_qms.QmsOnlineNormal">
        <test-method signature="setup_call()[pri:1, instance:com.yeasin.appium_qms.QmsOnlineNormal@323e8306]" started-at="2024-05-06T12:28:55 BDT" name="setup_call" finished-at="2024-05-06T12:29:02 BDT" duration-ms="6988" status="PASS">
          <reporter-output>
          </reporter-output>
        </test-method> <!-- setup_call -->
        <test-method signature="login_call()[pri:2, instance:com.yeasin.appium_qms.QmsOnlineNormal@323e8306]" started-at="2024-05-06T12:29:02 BDT" name="login_call" finished-at="2024-05-06T12:29:06 BDT" duration-ms="3706" status="PASS">
          <reporter-output>
          </reporter-output>
        </test-method> <!-- login_call -->
        <test-method signature="side_menu_call()[pri:3, instance:com.yeasin.appium_qms.QmsOnlineNormal@323e8306]" started-at="2024-05-06T12:29:06 BDT" name="side_menu_call" finished-at="2024-05-06T12:29:11 BDT" duration-ms="5694" status="PASS">
          <reporter-output>
          </reporter-output>
        </test-method> <!-- side_menu_call -->
        <test-method signature="sync_web_call()[pri:4, instance:com.yeasin.appium_qms.QmsOnlineNormal@323e8306]" started-at="2024-05-06T12:29:11 BDT" name="sync_web_call" finished-at="2024-05-06T12:29:13 BDT" duration-ms="1683" status="PASS">
          <reporter-output>
          </reporter-output>
        </test-method> <!-- sync_web_call -->
        <test-method signature="set_line_call()[pri:5, instance:com.yeasin.appium_qms.QmsOnlineNormal@323e8306]" started-at="2024-05-06T12:29:13 BDT" name="set_line_call" finished-at="2024-05-06T12:29:26 BDT" duration-ms="12659" status="PASS">
          <reporter-output>
          </reporter-output>
        </test-method> <!-- set_line_call -->
        <test-method signature="select_order_call()[pri:6, instance:com.yeasin.appium_qms.QmsOnlineNormal@323e8306]" started-at="2024-05-06T12:29:26 BDT" name="select_order_call" finished-at="2024-05-06T12:29:31 BDT" duration-ms="5142" status="PASS">
          <reporter-output>
          </reporter-output>
        </test-method> <!-- select_order_call -->
        <test-method signature="choose_variance_call()[pri:7, instance:com.yeasin.appium_qms.QmsOnlineNormal@323e8306]" started-at="2024-05-06T12:29:31 BDT" name="choose_variance_call" finished-at="2024-05-06T12:29:41 BDT" duration-ms="9900" status="PASS">
          <reporter-output>
          </reporter-output>
        </test-method> <!-- choose_variance_call -->
        <test-method signature="pass_call()[pri:8, instance:com.yeasin.appium_qms.QmsOnlineNormal@323e8306]" started-at="2024-05-06T12:29:41 BDT" name="pass_call" finished-at="2024-05-06T12:29:48 BDT" duration-ms="7766" status="PASS">
          <reporter-output>
          </reporter-output>
        </test-method> <!-- pass_call -->
        <test-method signature="alter_call()[pri:9, instance:com.yeasin.appium_qms.QmsOnlineNormal@323e8306]" started-at="2024-05-06T12:29:49 BDT" name="alter_call" finished-at="2024-05-06T12:30:08 BDT" duration-ms="19974" status="PASS">
          <reporter-output>
          </reporter-output>
        </test-method> <!-- alter_call -->
        <test-method signature="reject_call()[pri:10, instance:com.yeasin.appium_qms.QmsOnlineNormal@323e8306]" started-at="2024-05-06T12:30:08 BDT" name="reject_call" finished-at="2024-05-06T12:30:29 BDT" duration-ms="20437" status="PASS">
          <reporter-output>
          </reporter-output>
        </test-method> <!-- reject_call -->
        <test-method signature="force_sync_call()[pri:11, instance:com.yeasin.appium_qms.QmsOnlineNormal@323e8306]" started-at="2024-05-06T12:30:29 BDT" name="force_sync_call" finished-at="2024-05-06T12:30:35 BDT" duration-ms="5652" status="PASS">
          <reporter-output>
          </reporter-output>
        </test-method> <!-- force_sync_call -->
        <test-method signature="logout_call()[pri:12, instance:com.yeasin.appium_qms.QmsOnlineNormal@323e8306]" started-at="2024-05-06T12:30:35 BDT" name="logout_call" finished-at="2024-05-06T12:30:47 BDT" duration-ms="11953" status="PASS">
          <reporter-output>
          </reporter-output>
        </test-method> <!-- logout_call -->
        <test-method signature="close_app_call()[pri:13, instance:com.yeasin.appium_qms.QmsOnlineNormal@323e8306]" started-at="2024-05-06T12:30:47 BDT" name="close_app_call" finished-at="2024-05-06T12:30:52 BDT" duration-ms="5846" status="PASS">
          <reporter-output>
          </reporter-output>
        </test-method> <!-- close_app_call -->
      </class> <!-- com.yeasin.appium_qms.QmsOnlineNormal -->
    </test> <!-- Default test -->
  </suite> <!-- Default suite -->
</testng-results>
